#
# There is insufficient memory for the Java Runtime Environment to continue.
# Native memory allocation (malloc) failed to allocate 1654416 bytes. Error detail: Chunk::new
# Possible reasons:
#   The system is out of physical RAM or swap space
#   This process is running with CompressedOops enabled, and the Java Heap may be blocking the growth of the native heap
# Possible solutions:
#   Reduce memory load on the system
#   Increase physical memory or swap space
#   Check if swap backing store is full
#   Decrease Java heap size (-Xmx/-Xms)
#   Decrease number of Java threads
#   Decrease Java thread stack sizes (-Xss)
#   Set larger code cache with -XX:ReservedCodeCacheSize=
#   JVM is running with Unscaled Compressed Oops mode in which the Java heap is
#     placed in the first 4GB address space. The Java Heap base address is the
#     maximum limit for the native heap growth. Please use -XX:HeapBaseMinAddress
#     to set the Java Heap base and to place the Java Heap above 4GB virtual address.
# This output file may be truncated or incomplete.
#
#  Out of Memory Error (arena.cpp:168), pid=20632, tid=7132
#
# JRE version: OpenJDK Runtime Environment Temurin-21.0.7+6 (21.0.7+6) (build 21.0.7+6-LTS)
# Java VM: OpenJDK 64-Bit Server VM Temurin-21.0.7+6 (21.0.7+6-LTS, mixed mode, sharing, tiered, compressed oops, compressed class ptrs, parallel gc, windows-amd64)
# No core dump will be written. Minidumps are not enabled by default on client versions of Windows
#

---------------  S U M M A R Y ------------

Command Line: --add-modules=ALL-SYSTEM --add-opens=java.base/java.util=ALL-UNNAMED --add-opens=java.base/java.lang=ALL-UNNAMED --add-opens=java.base/sun.nio.fs=ALL-UNNAMED -Declipse.application=org.eclipse.jdt.ls.core.id1 -Dosgi.bundles.defaultStartLevel=4 -Declipse.product=org.eclipse.jdt.ls.core.product -Djava.import.generatesMetadataFilesAtProjectRoot=false -DDetectVMInstallationsJob.disabled=true -Dfile.encoding=utf8 -XX:+UseParallelGC -XX:GCTimeRatio=4 -XX:AdaptiveSizePolicyWeight=90 -Dsun.zip.disableMemoryMapping=true -Xmx1G -Xms100m -Xlog:disable -javaagent:c:\Users\cuent\.vscode\extensions\redhat.java-1.42.0-win32-x64\lombok\lombok-1.18.36.jar -XX:+HeapDumpOnOutOfMemoryError -XX:HeapDumpPath=c:\Users\cuent\AppData\Roaming\Code\User\workspaceStorage\25456b77a75017d91bdb552ce3648551\redhat.java -Daether.dependencyCollector.impl=bf c:\Users\cuent\.vscode\extensions\redhat.java-1.42.0-win32-x64\server\plugins\org.eclipse.equinox.launcher_1.7.0.v20250424-1814.jar -configuration c:\Users\cuent\AppData\Roaming\Code\User\globalStorage\redhat.java\1.42.0\config_win -data c:\Users\cuent\AppData\Roaming\Code\User\workspaceStorage\25456b77a75017d91bdb552ce3648551\redhat.java\jdt_ws --pipe=\\.\pipe\lsp-3845e77a282838b510d27bec541ba2c0-sock

Host: Intel(R) Core(TM) i5-8265U CPU @ 1.60GHz, 8 cores, 3G,  Windows 11 , 64 bit Build 26100 (10.0.26100.3912)
Time: Wed Jun 11 20:19:27 2025 Hora est. Sudamérica Pacífico elapsed time: 12.163496 seconds (0d 0h 0m 12s)

---------------  T H R E A D  ---------------

Current thread (0x000001dc5ba318d0):  JavaThread "C2 CompilerThread0" daemon [_thread_in_native, id=7132, stack(0x0000002138b00000,0x0000002138c00000) (1024K)]


Current CompileTask:
C2:12163 3391       4       java.lang.invoke.MethodType::makeImpl (109 bytes)

Stack: [0x0000002138b00000,0x0000002138c00000]
Native frames: (J=compiled Java code, j=interpreted, Vv=VM code, C=native code)
V  [jvm.dll+0x6ce119]
V  [jvm.dll+0x8a84a1]
V  [jvm.dll+0x8aa9ce]
V  [jvm.dll+0x8ab0b3]
V  [jvm.dll+0x27f8a6]
V  [jvm.dll+0xc507d]
V  [jvm.dll+0xc55b3]
V  [jvm.dll+0x3b692c]
V  [jvm.dll+0x382aa5]
V  [jvm.dll+0x381f0a]
V  [jvm.dll+0x247af0]
V  [jvm.dll+0x2470cf]
V  [jvm.dll+0x1c760e]
V  [jvm.dll+0x25695a]
V  [jvm.dll+0x254efa]
V  [jvm.dll+0x3f03f6]
V  [jvm.dll+0x851f6b]
V  [jvm.dll+0x6cc7dd]
C  [ucrtbase.dll+0x37b0]
C  [KERNEL32.DLL+0x2e8d7]
C  [ntdll.dll+0x9c5dc]


---------------  P R O C E S S  ---------------

Threads class SMR info:
_java_thread_list=0x000001dc5d9eee80, length=23, elements={
0x000001dc47673600, 0x000001dc5ba183e0, 0x000001dc4771e780, 0x000001dc5ba20ea0,
0x000001dc5ba23c80, 0x000001dc5ba25c30, 0x000001dc5ba27be0, 0x000001dc5ba318d0,
0x000001dc5d421790, 0x000001dc5d506d40, 0x000001dc5d73aa60, 0x000001dc5db88bd0,
0x000001dc6215d350, 0x000001dc6215a010, 0x000001dc5dbf6f40, 0x000001dc5d46f910,
0x000001dc62241790, 0x000001dc62438af0, 0x000001dc62435ee0, 0x000001dc62437290,
0x000001dc624351c0, 0x000001dc62435850, 0x000001dc62436570
}

Java Threads: ( => current thread )
  0x000001dc47673600 JavaThread "main"                              [_thread_blocked, id=15776, stack(0x0000002138100000,0x0000002138200000) (1024K)]
  0x000001dc5ba183e0 JavaThread "Reference Handler"          daemon [_thread_blocked, id=8244, stack(0x0000002138500000,0x0000002138600000) (1024K)]
  0x000001dc4771e780 JavaThread "Finalizer"                  daemon [_thread_blocked, id=20156, stack(0x0000002138600000,0x0000002138700000) (1024K)]
  0x000001dc5ba20ea0 JavaThread "Signal Dispatcher"          daemon [_thread_blocked, id=20412, stack(0x0000002138700000,0x0000002138800000) (1024K)]
  0x000001dc5ba23c80 JavaThread "Attach Listener"            daemon [_thread_blocked, id=9020, stack(0x0000002138800000,0x0000002138900000) (1024K)]
  0x000001dc5ba25c30 JavaThread "Service Thread"             daemon [_thread_blocked, id=19336, stack(0x0000002138900000,0x0000002138a00000) (1024K)]
  0x000001dc5ba27be0 JavaThread "Monitor Deflation Thread"   daemon [_thread_blocked, id=8664, stack(0x0000002138a00000,0x0000002138b00000) (1024K)]
=>0x000001dc5ba318d0 JavaThread "C2 CompilerThread0"         daemon [_thread_in_native, id=7132, stack(0x0000002138b00000,0x0000002138c00000) (1024K)]
  0x000001dc5d421790 JavaThread "C1 CompilerThread0"         daemon [_thread_blocked, id=13220, stack(0x0000002138c00000,0x0000002138d00000) (1024K)]
  0x000001dc5d506d40 JavaThread "Common-Cleaner"             daemon [_thread_blocked, id=20092, stack(0x0000002138d00000,0x0000002138e00000) (1024K)]
  0x000001dc5d73aa60 JavaThread "Notification Thread"        daemon [_thread_blocked, id=10980, stack(0x0000002138e00000,0x0000002138f00000) (1024K)]
  0x000001dc5db88bd0 JavaThread "Active Thread: Equinox Container: 7dedadfb-aa23-4c5a-8e72-17cf0bbae6e3"        [_thread_blocked, id=22332, stack(0x0000002139500000,0x0000002139600000) (1024K)]
  0x000001dc6215d350 JavaThread "Refresh Thread: Equinox Container: 7dedadfb-aa23-4c5a-8e72-17cf0bbae6e3" daemon [_thread_blocked, id=19420, stack(0x0000002139600000,0x0000002139700000) (1024K)]
  0x000001dc6215a010 JavaThread "Framework Event Dispatcher: Equinox Container: 7dedadfb-aa23-4c5a-8e72-17cf0bbae6e3" daemon [_thread_blocked, id=6264, stack(0x0000002139800000,0x0000002139900000) (1024K)]
  0x000001dc5dbf6f40 JavaThread "Start Level: Equinox Container: 7dedadfb-aa23-4c5a-8e72-17cf0bbae6e3" daemon [_thread_in_Java, id=19520, stack(0x0000002139900000,0x0000002139a00000) (1024K)]
  0x000001dc5d46f910 JavaThread "Bundle File Closer"         daemon [_thread_blocked, id=19804, stack(0x0000002139a00000,0x0000002139b00000) (1024K)]
  0x000001dc62241790 JavaThread "SCR Component Actor"        daemon [_thread_blocked, id=20108, stack(0x0000002139b00000,0x0000002139c00000) (1024K)]
  0x000001dc62438af0 JavaThread "SCR Component Registry"     daemon [_thread_blocked, id=5596, stack(0x0000002139c00000,0x0000002139d00000) (1024K)]
  0x000001dc62435ee0 JavaThread "Worker-JM"                         [_thread_blocked, id=11872, stack(0x0000002139d00000,0x0000002139e00000) (1024K)]
  0x000001dc62437290 JavaThread "JNA Cleaner"                daemon [_thread_blocked, id=20000, stack(0x0000002139e00000,0x0000002139f00000) (1024K)]
  0x000001dc624351c0 JavaThread "Worker-0: Checking project encoding"        [_thread_blocked, id=15680, stack(0x0000002139f00000,0x000000213a000000) (1024K)]
  0x000001dc62435850 JavaThread "Worker-1: Refreshing workspace"        [_thread_blocked, id=8592, stack(0x000000213a000000,0x000000213a100000) (1024K)]
  0x000001dc62436570 JavaThread "Worker-2"                          [_thread_blocked, id=22756, stack(0x000000213a100000,0x000000213a200000) (1024K)]
Total: 23

Other Threads:
  0x000001dc5ba12650 VMThread "VM Thread"                           [id=13976, stack(0x0000002138400000,0x0000002138500000) (1024K)]
  0x000001dc5b92ca00 WatcherThread "VM Periodic Task Thread"        [id=4292, stack(0x0000002138300000,0x0000002138400000) (1024K)]
  0x000001dc4768bab0 WorkerThread "GC Thread#0"                     [id=23412, stack(0x0000002138200000,0x0000002138300000) (1024K)]
  0x000001dc5dc5aa70 WorkerThread "GC Thread#1"                     [id=19224, stack(0x0000002138f00000,0x0000002139000000) (1024K)]
  0x000001dc5dc5ae10 WorkerThread "GC Thread#2"                     [id=6664, stack(0x0000002139000000,0x0000002139100000) (1024K)]
  0x000001dc5da36640 WorkerThread "GC Thread#3"                     [id=22092, stack(0x0000002139100000,0x0000002139200000) (1024K)]
  0x000001dc5dc598a0 WorkerThread "GC Thread#4"                     [id=12448, stack(0x0000002139200000,0x0000002139300000) (1024K)]
  0x000001dc5dc59c40 WorkerThread "GC Thread#5"                     [id=15856, stack(0x0000002139300000,0x0000002139400000) (1024K)]
  0x000001dc5dc59fe0 WorkerThread "GC Thread#6"                     [id=3992, stack(0x0000002139400000,0x0000002139500000) (1024K)]
  0x000001dc5dd9e750 WorkerThread "GC Thread#7"                     [id=16808, stack(0x0000002139700000,0x0000002139800000) (1024K)]
Total: 10

Threads with active compile tasks:
C2 CompilerThread0  12236 3391       4       java.lang.invoke.MethodType::makeImpl (109 bytes)
C1 CompilerThread0  12236 3483       3       org.objectweb.asm.SymbolTable::put (150 bytes)
Total: 2

VM state: not at safepoint (normal execution)

VM Mutex/Monitor currently owned by a thread: None

Heap address: 0x00000000c0000000, size: 1024 MB, Compressed Oops mode: 32-bit

CDS archive(s) mapped at: [0x000001dc00000000-0x000001dc00ba0000-0x000001dc00ba0000), size 12189696, SharedBaseAddress: 0x000001dc00000000, ArchiveRelocationMode: 1.
Compressed class space mapped at: 0x000001dc01000000-0x000001dc41000000, reserved size: 1073741824
Narrow klass base: 0x000001dc00000000, Narrow klass shift: 0, Narrow klass range: 0x100000000

GC Precious Log:
 CardTable entry size: 512
 CPUs: 8 total, 8 available
 Memory: 3944M
 Large Page Support: Disabled
 NUMA Support: Disabled
 Compressed Oops: Enabled (32-bit)
 Alignments: Space 512K, Generation 512K, Heap 2M
 Heap Min Capacity: 100M
 Heap Initial Capacity: 100M
 Heap Max Capacity: 1G
 Pre-touch: Disabled
 Parallel Workers: 8

Heap:
 PSYoungGen      total 29184K, used 22801K [0x00000000eab00000, 0x00000000ecf80000, 0x0000000100000000)
  eden space 25088K, 74% used [0x00000000eab00000,0x00000000ebd4c110,0x00000000ec380000)
  from space 4096K, 99% used [0x00000000ec400000,0x00000000ec7f8668,0x00000000ec800000)
  to   space 6144K, 0% used [0x00000000ec980000,0x00000000ec980000,0x00000000ecf80000)
 ParOldGen       total 68608K, used 8451K [0x00000000c0000000, 0x00000000c4300000, 0x00000000eab00000)
  object space 68608K, 12% used [0x00000000c0000000,0x00000000c0840df0,0x00000000c4300000)
 Metaspace       used 17952K, committed 18752K, reserved 1114112K
  class space    used 1816K, committed 2176K, reserved 1048576K

Card table byte_map: [0x000001dc47000000,0x000001dc47210000] _byte_map_base: 0x000001dc46a00000

Marking Bits: (ParMarkBitMap*) 0x00007ff9443731f0
 Begin Bits: [0x000001dc59850000, 0x000001dc5a850000)
 End Bits:   [0x000001dc5a850000, 0x000001dc5b850000)

Polling page: 0x000001dc46bf0000

Metaspace:

Usage:
  Non-class:     15.76 MB used.
      Class:      1.77 MB used.
       Both:     17.53 MB used.

Virtual space:
  Non-class space:       64.00 MB reserved,      16.19 MB ( 25%) committed,  1 nodes.
      Class space:        1.00 GB reserved,       2.12 MB ( <1%) committed,  1 nodes.
             Both:        1.06 GB reserved,      18.31 MB (  2%) committed. 

Chunk freelists:
   Non-Class:  15.47 MB
       Class:  13.86 MB
        Both:  29.33 MB

MaxMetaspaceSize: unlimited
CompressedClassSpaceSize: 1.00 GB
Initial GC threshold: 21.00 MB
Current GC threshold: 21.00 MB
CDS: on
 - commit_granule_bytes: 65536.
 - commit_granule_words: 8192.
 - virtual_space_node_default_size: 8388608.
 - enlarge_chunks_in_place: 1.
 - use_allocation_guard: 0.


Internal statistics:

num_allocs_failed_limit: 0.
num_arena_births: 550.
num_arena_deaths: 0.
num_vsnodes_births: 2.
num_vsnodes_deaths: 0.
num_space_committed: 293.
num_space_uncommitted: 0.
num_chunks_returned_to_freelist: 0.
num_chunks_taken_from_freelist: 1180.
num_chunk_merges: 0.
num_chunk_splits: 782.
num_chunks_enlarged: 512.
num_inconsistent_stats: 0.

CodeHeap 'non-profiled nmethods': size=120000Kb used=1497Kb max_used=1497Kb free=118502Kb
 bounds [0x000001dc52320000, 0x000001dc52590000, 0x000001dc59850000]
CodeHeap 'profiled nmethods': size=120000Kb used=7034Kb max_used=7034Kb free=112965Kb
 bounds [0x000001dc4a850000, 0x000001dc4af30000, 0x000001dc51d80000]
CodeHeap 'non-nmethods': size=5760Kb used=1280Kb max_used=1291Kb free=4479Kb
 bounds [0x000001dc51d80000, 0x000001dc51ff0000, 0x000001dc52320000]
 total_blobs=4034 nmethods=3476 adapters=464
 compilation: enabled
              stopped_count=0, restarted_count=0
 full_count=0

Compilation events (20 events):
Event: 11.081 Thread 0x000001dc5d421790 3454       1       org.apache.felix.scr.impl.manager.DependencyManager::access$000 (5 bytes)
Event: 11.081 Thread 0x000001dc5d421790 nmethod 3454 0x000001dc52493f90 code [0x000001dc52494120, 0x000001dc524941d0]
Event: 11.081 Thread 0x000001dc5d421790 3451       1       java.util.concurrent.atomic.AtomicInteger::set (6 bytes)
Event: 11.082 Thread 0x000001dc5d421790 nmethod 3451 0x000001dc52494290 code [0x000001dc52494420, 0x000001dc524944f0]
Event: 11.085 Thread 0x000001dc5d421790 3455       3       java.lang.invoke.MethodHandles$Lookup::resolveOrFail (44 bytes)
Event: 11.087 Thread 0x000001dc5d421790 nmethod 3455 0x000001dc4af23a10 code [0x000001dc4af23cc0, 0x000001dc4af24880]
Event: 11.087 Thread 0x000001dc5d421790 3457       3       jdk.internal.org.objectweb.asm.FieldVisitor::<init> (78 bytes)
Event: 11.087 Thread 0x000001dc5d421790 nmethod 3457 0x000001dc4af24c90 code [0x000001dc4af24ec0, 0x000001dc4af25618]
Event: 11.087 Thread 0x000001dc5d421790 3456       3       java.lang.invoke.MethodHandles$Lookup::getDirectMethodForConstant (72 bytes)
Event: 11.089 Thread 0x000001dc5d421790 nmethod 3456 0x000001dc4af25910 code [0x000001dc4af25c60, 0x000001dc4af26d20]
Event: 11.090 Thread 0x000001dc5d421790 3462       3       jdk.internal.org.objectweb.asm.Type::getSort (19 bytes)
Event: 11.090 Thread 0x000001dc5d421790 nmethod 3462 0x000001dc4af27310 code [0x000001dc4af274a0, 0x000001dc4af275f0]
Event: 11.091 Thread 0x000001dc5d421790 3467       3       java.lang.invoke.MemberName::getFactory (4 bytes)
Event: 11.091 Thread 0x000001dc5d421790 nmethod 3467 0x000001dc4af27690 code [0x000001dc4af27820, 0x000001dc4af27918]
Event: 11.105 Thread 0x000001dc5d421790 3468       3       org.objectweb.asm.ClassReader::readUnsignedShort (26 bytes)
Event: 11.105 Thread 0x000001dc5d421790 nmethod 3468 0x000001dc4af27990 code [0x000001dc4af27b40, 0x000001dc4af27cb0]
Event: 11.891 Thread 0x000001dc5d421790 3470       3       jdk.internal.misc.Unsafe::putReferenceOpaque (9 bytes)
Event: 11.891 Thread 0x000001dc5d421790 nmethod 3470 0x000001dc4af27d90 code [0x000001dc4af27f20, 0x000001dc4af28050]
Event: 11.954 Thread 0x000001dc5d421790 3471       3       java.util.concurrent.locks.LockSupport::setBlocker (12 bytes)
Event: 11.954 Thread 0x000001dc5d421790 nmethod 3471 0x000001dc4af28110 code [0x000001dc4af282c0, 0x000001dc4af284c8]

GC Heap History (10 events):
Event: 1.838 GC heap before
{Heap before GC invocations=1 (full 0):
 PSYoungGen      total 29696K, used 25600K [0x00000000eab00000, 0x00000000ecc00000, 0x0000000100000000)
  eden space 25600K, 100% used [0x00000000eab00000,0x00000000ec400000,0x00000000ec400000)
  from space 4096K, 0% used [0x00000000ec800000,0x00000000ec800000,0x00000000ecc00000)
  to   space 4096K, 0% used [0x00000000ec400000,0x00000000ec400000,0x00000000ec800000)
 ParOldGen       total 68608K, used 0K [0x00000000c0000000, 0x00000000c4300000, 0x00000000eab00000)
  object space 68608K, 0% used [0x00000000c0000000,0x00000000c0000000,0x00000000c4300000)
 Metaspace       used 4327K, committed 4544K, reserved 1114112K
  class space    used 459K, committed 576K, reserved 1048576K
}
Event: 1.846 GC heap after
{Heap after GC invocations=1 (full 0):
 PSYoungGen      total 29696K, used 3262K [0x00000000eab00000, 0x00000000ecc00000, 0x0000000100000000)
  eden space 25600K, 0% used [0x00000000eab00000,0x00000000eab00000,0x00000000ec400000)
  from space 4096K, 79% used [0x00000000ec400000,0x00000000ec72fb30,0x00000000ec800000)
  to   space 4096K, 0% used [0x00000000ec800000,0x00000000ec800000,0x00000000ecc00000)
 ParOldGen       total 68608K, used 16K [0x00000000c0000000, 0x00000000c4300000, 0x00000000eab00000)
  object space 68608K, 0% used [0x00000000c0000000,0x00000000c0004000,0x00000000c4300000)
 Metaspace       used 4327K, committed 4544K, reserved 1114112K
  class space    used 459K, committed 576K, reserved 1048576K
}
Event: 5.092 GC heap before
{Heap before GC invocations=2 (full 0):
 PSYoungGen      total 29696K, used 28862K [0x00000000eab00000, 0x00000000ecc00000, 0x0000000100000000)
  eden space 25600K, 100% used [0x00000000eab00000,0x00000000ec400000,0x00000000ec400000)
  from space 4096K, 79% used [0x00000000ec400000,0x00000000ec72fb30,0x00000000ec800000)
  to   space 4096K, 0% used [0x00000000ec800000,0x00000000ec800000,0x00000000ecc00000)
 ParOldGen       total 68608K, used 16K [0x00000000c0000000, 0x00000000c4300000, 0x00000000eab00000)
  object space 68608K, 0% used [0x00000000c0000000,0x00000000c0004000,0x00000000c4300000)
 Metaspace       used 8060K, committed 8384K, reserved 1114112K
  class space    used 814K, committed 960K, reserved 1048576K
}
Event: 5.101 GC heap after
{Heap after GC invocations=2 (full 0):
 PSYoungGen      total 29696K, used 4084K [0x00000000eab00000, 0x00000000ecc00000, 0x0000000100000000)
  eden space 25600K, 0% used [0x00000000eab00000,0x00000000eab00000,0x00000000ec400000)
  from space 4096K, 99% used [0x00000000ec800000,0x00000000ecbfd1e8,0x00000000ecc00000)
  to   space 4096K, 0% used [0x00000000ec400000,0x00000000ec400000,0x00000000ec800000)
 ParOldGen       total 68608K, used 1767K [0x00000000c0000000, 0x00000000c4300000, 0x00000000eab00000)
  object space 68608K, 2% used [0x00000000c0000000,0x00000000c01b9f28,0x00000000c4300000)
 Metaspace       used 8060K, committed 8384K, reserved 1114112K
  class space    used 814K, committed 960K, reserved 1048576K
}
Event: 6.134 GC heap before
{Heap before GC invocations=3 (full 0):
 PSYoungGen      total 29696K, used 29684K [0x00000000eab00000, 0x00000000ecc00000, 0x0000000100000000)
  eden space 25600K, 100% used [0x00000000eab00000,0x00000000ec400000,0x00000000ec400000)
  from space 4096K, 99% used [0x00000000ec800000,0x00000000ecbfd1e8,0x00000000ecc00000)
  to   space 4096K, 0% used [0x00000000ec400000,0x00000000ec400000,0x00000000ec800000)
 ParOldGen       total 68608K, used 1767K [0x00000000c0000000, 0x00000000c4300000, 0x00000000eab00000)
  object space 68608K, 2% used [0x00000000c0000000,0x00000000c01b9f28,0x00000000c4300000)
 Metaspace       used 9423K, committed 9792K, reserved 1114112K
  class space    used 972K, committed 1152K, reserved 1048576K
}
Event: 6.143 GC heap after
{Heap after GC invocations=3 (full 0):
 PSYoungGen      total 29696K, used 4088K [0x00000000eab00000, 0x00000000ecc00000, 0x0000000100000000)
  eden space 25600K, 0% used [0x00000000eab00000,0x00000000eab00000,0x00000000ec400000)
  from space 4096K, 99% used [0x00000000ec400000,0x00000000ec7fe138,0x00000000ec800000)
  to   space 4096K, 0% used [0x00000000ec800000,0x00000000ec800000,0x00000000ecc00000)
 ParOldGen       total 68608K, used 5150K [0x00000000c0000000, 0x00000000c4300000, 0x00000000eab00000)
  object space 68608K, 7% used [0x00000000c0000000,0x00000000c0507a70,0x00000000c4300000)
 Metaspace       used 9423K, committed 9792K, reserved 1114112K
  class space    used 972K, committed 1152K, reserved 1048576K
}
Event: 7.282 GC heap before
{Heap before GC invocations=4 (full 0):
 PSYoungGen      total 29696K, used 29688K [0x00000000eab00000, 0x00000000ecc00000, 0x0000000100000000)
  eden space 25600K, 100% used [0x00000000eab00000,0x00000000ec400000,0x00000000ec400000)
  from space 4096K, 99% used [0x00000000ec400000,0x00000000ec7fe138,0x00000000ec800000)
  to   space 4096K, 0% used [0x00000000ec800000,0x00000000ec800000,0x00000000ecc00000)
 ParOldGen       total 68608K, used 5150K [0x00000000c0000000, 0x00000000c4300000, 0x00000000eab00000)
  object space 68608K, 7% used [0x00000000c0000000,0x00000000c0507a70,0x00000000c4300000)
 Metaspace       used 12181K, committed 12608K, reserved 1114112K
  class space    used 1257K, committed 1472K, reserved 1048576K
}
Event: 7.289 GC heap after
{Heap after GC invocations=4 (full 0):
 PSYoungGen      total 29696K, used 4093K [0x00000000eab00000, 0x00000000ecc00000, 0x0000000100000000)
  eden space 25600K, 0% used [0x00000000eab00000,0x00000000eab00000,0x00000000ec400000)
  from space 4096K, 99% used [0x00000000ec800000,0x00000000ecbff4e0,0x00000000ecc00000)
  to   space 4096K, 0% used [0x00000000ec400000,0x00000000ec400000,0x00000000ec800000)
 ParOldGen       total 68608K, used 6928K [0x00000000c0000000, 0x00000000c4300000, 0x00000000eab00000)
  object space 68608K, 10% used [0x00000000c0000000,0x00000000c06c4208,0x00000000c4300000)
 Metaspace       used 12181K, committed 12608K, reserved 1114112K
  class space    used 1257K, committed 1472K, reserved 1048576K
}
Event: 9.277 GC heap before
{Heap before GC invocations=5 (full 0):
 PSYoungGen      total 29696K, used 29693K [0x00000000eab00000, 0x00000000ecc00000, 0x0000000100000000)
  eden space 25600K, 100% used [0x00000000eab00000,0x00000000ec400000,0x00000000ec400000)
  from space 4096K, 99% used [0x00000000ec800000,0x00000000ecbff4e0,0x00000000ecc00000)
  to   space 4096K, 0% used [0x00000000ec400000,0x00000000ec400000,0x00000000ec800000)
 ParOldGen       total 68608K, used 6928K [0x00000000c0000000, 0x00000000c4300000, 0x00000000eab00000)
  object space 68608K, 10% used [0x00000000c0000000,0x00000000c06c4208,0x00000000c4300000)
 Metaspace       used 15348K, committed 15936K, reserved 1114112K
  class space    used 1535K, committed 1792K, reserved 1048576K
}
Event: 9.283 GC heap after
{Heap after GC invocations=5 (full 0):
 PSYoungGen      total 29184K, used 4065K [0x00000000eab00000, 0x00000000ecf80000, 0x0000000100000000)
  eden space 25088K, 0% used [0x00000000eab00000,0x00000000eab00000,0x00000000ec380000)
  from space 4096K, 99% used [0x00000000ec400000,0x00000000ec7f8668,0x00000000ec800000)
  to   space 6144K, 0% used [0x00000000ec980000,0x00000000ec980000,0x00000000ecf80000)
 ParOldGen       total 68608K, used 8451K [0x00000000c0000000, 0x00000000c4300000, 0x00000000eab00000)
  object space 68608K, 12% used [0x00000000c0000000,0x00000000c0840df0,0x00000000c4300000)
 Metaspace       used 15348K, committed 15936K, reserved 1114112K
  class space    used 1535K, committed 1792K, reserved 1048576K
}

Dll operation events (10 events):
Event: 0.034 Loaded shared library c:\Users\cuent\.vscode\extensions\redhat.java-1.42.0-win32-x64\jre\21.0.7-win32-x86_64\bin\java.dll
Event: 0.219 Loaded shared library c:\Users\cuent\.vscode\extensions\redhat.java-1.42.0-win32-x64\jre\21.0.7-win32-x86_64\bin\zip.dll
Event: 0.296 Loaded shared library C:\Users\cuent\.vscode\extensions\redhat.java-1.42.0-win32-x64\jre\21.0.7-win32-x86_64\bin\instrument.dll
Event: 0.309 Loaded shared library C:\Users\cuent\.vscode\extensions\redhat.java-1.42.0-win32-x64\jre\21.0.7-win32-x86_64\bin\net.dll
Event: 0.317 Loaded shared library C:\Users\cuent\.vscode\extensions\redhat.java-1.42.0-win32-x64\jre\21.0.7-win32-x86_64\bin\nio.dll
Event: 0.328 Loaded shared library C:\Users\cuent\.vscode\extensions\redhat.java-1.42.0-win32-x64\jre\21.0.7-win32-x86_64\bin\zip.dll
Event: 0.369 Loaded shared library C:\Users\cuent\.vscode\extensions\redhat.java-1.42.0-win32-x64\jre\21.0.7-win32-x86_64\bin\jimage.dll
Event: 0.551 Loaded shared library c:\Users\cuent\.vscode\extensions\redhat.java-1.42.0-win32-x64\jre\21.0.7-win32-x86_64\bin\verify.dll
Event: 5.119 Loaded shared library C:\Users\cuent\AppData\Roaming\Code\User\globalStorage\redhat.java\1.42.0\config_win\org.eclipse.equinox.launcher\org.eclipse.equinox.launcher.win32.win32.x86_64_1.2.1300.v20250331-1702\eclipse_11911.dll
Event: 9.891 Loaded shared library C:\Users\cuent\AppData\Local\Temp\jna-95014713\jna15093184791169443705.dll

Deoptimization events (20 events):
Event: 9.251 Thread 0x000001dc5dbf6f40 Uncommon trap: trap_request=0xffffff45 fr.pc=0x000001dc523cc858 relative=0x00000000000000b8
Event: 9.251 Thread 0x000001dc5dbf6f40 Uncommon trap: reason=unstable_if action=reinterpret pc=0x000001dc523cc858 method=org.eclipse.osgi.container.ModuleRevisionBuilder.unmodifiableMap(Ljava/util/Map;)Ljava/util/Map; @ 27 c2
Event: 9.251 Thread 0x000001dc5dbf6f40 DEOPT PACKING pc=0x000001dc523cc858 sp=0x00000021399f9ba0
Event: 9.251 Thread 0x000001dc5dbf6f40 DEOPT UNPACKING pc=0x000001dc51dd3aa2 sp=0x00000021399f9b20 mode 2
Event: 9.468 Thread 0x000001dc5dbf6f40 Uncommon trap: trap_request=0xffffff45 fr.pc=0x000001dc52485d30 relative=0x0000000000000170
Event: 9.468 Thread 0x000001dc5dbf6f40 Uncommon trap: reason=unstable_if action=reinterpret pc=0x000001dc52485d30 method=java.io.DataInputStream.readFully([BII)V @ 37 c2
Event: 9.468 Thread 0x000001dc5dbf6f40 DEOPT PACKING pc=0x000001dc52485d30 sp=0x00000021399f9a70
Event: 9.468 Thread 0x000001dc5dbf6f40 DEOPT UNPACKING pc=0x000001dc51dd3aa2 sp=0x00000021399f9a00 mode 2
Event: 9.575 Thread 0x000001dc5dbf6f40 Uncommon trap: trap_request=0xffffff45 fr.pc=0x000001dc52359508 relative=0x00000000000006e8
Event: 9.575 Thread 0x000001dc5dbf6f40 Uncommon trap: reason=unstable_if action=reinterpret pc=0x000001dc52359508 method=java.lang.String.replace(Ljava/lang/CharSequence;Ljava/lang/CharSequence;)Ljava/lang/String; @ 42 c2
Event: 9.575 Thread 0x000001dc5dbf6f40 DEOPT PACKING pc=0x000001dc52359508 sp=0x00000021399f7930
Event: 9.575 Thread 0x000001dc5dbf6f40 DEOPT UNPACKING pc=0x000001dc51dd3aa2 sp=0x00000021399f78b0 mode 2
Event: 10.009 Thread 0x000001dc5dbf6f40 Uncommon trap: trap_request=0xffffff45 fr.pc=0x000001dc52473fa8 relative=0x0000000000000088
Event: 10.009 Thread 0x000001dc5dbf6f40 Uncommon trap: reason=unstable_if action=reinterpret pc=0x000001dc52473fa8 method=java.lang.ref.SoftReference.get()Ljava/lang/Object; @ 6 c2
Event: 10.009 Thread 0x000001dc5dbf6f40 DEOPT PACKING pc=0x000001dc52473fa8 sp=0x00000021399f9ab0
Event: 10.009 Thread 0x000001dc5dbf6f40 DEOPT UNPACKING pc=0x000001dc51dd3aa2 sp=0x00000021399f9a48 mode 2
Event: 11.092 Thread 0x000001dc5dbf6f40 Uncommon trap: trap_request=0xffffff45 fr.pc=0x000001dc52440294 relative=0x0000000000000074
Event: 11.092 Thread 0x000001dc5dbf6f40 Uncommon trap: reason=unstable_if action=reinterpret pc=0x000001dc52440294 method=java.lang.ref.ReferenceQueue.poll()Ljava/lang/ref/Reference; @ 4 c2
Event: 11.093 Thread 0x000001dc5dbf6f40 DEOPT PACKING pc=0x000001dc52440294 sp=0x00000021399eebf0
Event: 11.093 Thread 0x000001dc5dbf6f40 DEOPT UNPACKING pc=0x000001dc51dd3aa2 sp=0x00000021399eeb78 mode 2

Classes loaded (20 events):
Event: 9.934 Loading class java/lang/Class$AnnotationData
Event: 9.935 Loading class java/lang/Class$AnnotationData done
Event: 9.937 Loading class jdk/internal/reflect/MethodHandleIntegerFieldAccessorImpl
Event: 9.937 Loading class jdk/internal/reflect/MethodHandleIntegerFieldAccessorImpl done
Event: 9.953 Loading class java/io/PrintWriter
Event: 9.953 Loading class java/io/PrintWriter done
Event: 9.965 Loading class jdk/internal/reflect/MethodHandleShortFieldAccessorImpl
Event: 9.965 Loading class jdk/internal/reflect/MethodHandleShortFieldAccessorImpl done
Event: 9.966 Loading class java/lang/Short$ShortCache
Event: 9.966 Loading class java/lang/Short$ShortCache done
Event: 9.999 Loading class java/util/function/LongUnaryOperator
Event: 9.999 Loading class java/util/function/LongUnaryOperator done
Event: 9.999 Loading class java/lang/ThreadDeath
Event: 10.000 Loading class java/lang/ThreadDeath done
Event: 10.013 Loading class java/io/DataOutputStream
Event: 10.013 Loading class java/io/DataOutputStream done
Event: 10.017 Loading class java/util/stream/SortedOps$SizedRefSortingSink
Event: 10.017 Loading class java/util/stream/SortedOps$SizedRefSortingSink done
Event: 11.076 Loading class java/util/concurrent/atomic/Striped64$1
Event: 11.076 Loading class java/util/concurrent/atomic/Striped64$1 done

Classes unloaded (0 events):
No events

Classes redefined (0 events):
No events

Internal exceptions (20 events):
Event: 9.029 Thread 0x000001dc5dbf6f40 Exception <a 'java/lang/NoSuchMethodError'{0x00000000ebfbbb00}: 'void java.lang.invoke.Invokers$Holder.invokeExact_MT(java.lang.Object, java.lang.Object, java.lang.Object, java.lang.Object)'> (0x00000000ebfbbb00) 
thrown [s\src\hotspot\share\interpreter\linkResolver.cpp, line 773]
Event: 9.226 Thread 0x000001dc5dbf6f40 Exception <a 'java/io/FileNotFoundException'{0x00000000ec264380}> (0x00000000ec264380) 
thrown [s\src\hotspot\share\prims\jni.cpp, line 520]
Event: 9.228 Thread 0x000001dc5dbf6f40 Exception <a 'java/io/FileNotFoundException'{0x00000000ec26bca8}> (0x00000000ec26bca8) 
thrown [s\src\hotspot\share\prims\jni.cpp, line 520]
Event: 9.506 Thread 0x000001dc5dbf6f40 Exception <a 'java/lang/NoSuchMethodError'{0x00000000eb0455b0}: 'java.lang.Object java.lang.invoke.DirectMethodHandle$Holder.invokeStaticInit(java.lang.Object, int)'> (0x00000000eb0455b0) 
thrown [s\src\hotspot\share\interpreter\linkResolver.cpp, line 773]
Event: 9.584 Thread 0x000001dc5dbf6f40 Exception <a 'java/lang/NoSuchMethodError'{0x00000000eb2b7e28}: 'java.lang.Object java.lang.invoke.DirectMethodHandle$Holder.invokeStaticInit(java.lang.Object, int, int, int, int)'> (0x00000000eb2b7e28) 
thrown [s\src\hotspot\share\interpreter\linkResolver.cpp, line 773]
Event: 9.679 Thread 0x000001dc5dbf6f40 Exception <a 'java/lang/NoSuchMethodError'{0x00000000eb406f00}: 'java.lang.Object java.lang.invoke.DirectMethodHandle$Holder.invokeStaticInit(java.lang.Object, java.lang.Object, int, int, int, int)'> (0x00000000eb406f00) 
thrown [s\src\hotspot\share\interpreter\linkResolver.cpp, line 773]
Event: 9.938 Thread 0x000001dc5dbf6f40 Exception <a 'java/lang/NoSuchMethodError'{0x00000000eb514b28}: 'void java.lang.invoke.DirectMethodHandle$Holder.invokeSpecial(java.lang.Object, java.lang.Object, java.lang.Object, int)'> (0x00000000eb514b28) 
thrown [s\src\hotspot\share\interpreter\linkResolver.cpp, line 773]
Event: 9.938 Thread 0x000001dc5dbf6f40 Exception <a 'java/lang/NoSuchMethodError'{0x00000000eb5184b8}: 'void java.lang.invoke.DelegatingMethodHandle$Holder.reinvoke_L(java.lang.Object, java.lang.Object, int)'> (0x00000000eb5184b8) 
thrown [s\src\hotspot\share\interpreter\linkResolver.cpp, line 773]
Event: 9.939 Thread 0x000001dc5dbf6f40 Exception <a 'java/lang/NoSuchMethodError'{0x00000000eb51f1a0}: 'int java.lang.invoke.Invokers$Holder.invokeExact_MT(java.lang.Object, java.lang.Object, java.lang.Object)'> (0x00000000eb51f1a0) 
thrown [s\src\hotspot\share\interpreter\linkResolver.cpp, line 773]
Event: 9.969 Thread 0x000001dc5dbf6f40 Exception <a 'java/lang/NoSuchMethodError'{0x00000000eb6b95c8}: 'void java.lang.invoke.Invokers$Holder.invokeExact_MT(java.lang.Object, java.lang.Object, int, java.lang.Object)'> (0x00000000eb6b95c8) 
thrown [s\src\hotspot\share\interpreter\linkResolver.cpp, line 773]
Event: 9.996 Thread 0x000001dc5dbf6f40 Exception <a 'java/lang/NoSuchMethodError'{0x00000000eb7c6850}: 'java.lang.Object java.lang.invoke.DirectMethodHandle$Holder.invokeSpecial(java.lang.Object, java.lang.Object, java.lang.Object, long, java.lang.Object)'> (0x00000000eb7c6850) 
thrown [s\src\hotspot\share\interpreter\linkResolver.cpp, line 773]
Event: 9.997 Thread 0x000001dc5dbf6f40 Exception <a 'java/lang/NoSuchMethodError'{0x00000000eb7cdfe0}: 'java.lang.Object java.lang.invoke.DirectMethodHandle$Holder.newInvokeSpecial(java.lang.Object, java.lang.Object, java.lang.Object, long)'> (0x00000000eb7cdfe0) 
thrown [s\src\hotspot\share\interpreter\linkResolver.cpp, line 773]
Event: 9.998 Thread 0x000001dc5dbf6f40 Exception <a 'java/lang/NoSuchMethodError'{0x00000000eb7d1e40}: 'java.lang.Object java.lang.invoke.Invokers$Holder.linkToTargetMethod(java.lang.Object, java.lang.Object, long, java.lang.Object)'> (0x00000000eb7d1e40) 
thrown [s\src\hotspot\share\interpreter\linkResolver.cpp, line 773]
Event: 10.011 Thread 0x000001dc5dbf6f40 Exception <a 'java/lang/NoSuchMethodError'{0x00000000eb8481d0}: 'int java.lang.invoke.DirectMethodHandle$Holder.invokeStaticInit(java.lang.Object, java.lang.Object, java.lang.Object)'> (0x00000000eb8481d0) 
thrown [s\src\hotspot\share\interpreter\linkResolver.cpp, line 773]
Event: 10.031 Thread 0x000001dc5dbf6f40 Exception <a 'java/lang/IncompatibleClassChangeError'{0x00000000eb8ef338}: Found class java.lang.Object, but interface was expected> (0x00000000eb8ef338) 
thrown [s\src\hotspot\share\interpreter\linkResolver.cpp, line 840]
Event: 10.035 Thread 0x000001dc5dbf6f40 Exception <a 'java/lang/NoSuchMethodError'{0x00000000eb8fe908}: 'java.lang.Object java.lang.invoke.DirectMethodHandle$Holder.invokeSpecial(java.lang.Object, java.lang.Object, java.lang.Object, int, java.lang.Object, java.lang.Object)'> (0x00000000eb8fe908) 
thrown [s\src\hotspot\share\interpreter\linkResolver.cpp, line 773]
Event: 10.036 Thread 0x000001dc5dbf6f40 Exception <a 'java/lang/NoSuchMethodError'{0x00000000eb906478}: 'java.lang.Object java.lang.invoke.DirectMethodHandle$Holder.newInvokeSpecial(java.lang.Object, java.lang.Object, java.lang.Object, int, java.lang.Object)'> (0x00000000eb906478) 
thrown [s\src\hotspot\share\interpreter\linkResolver.cpp, line 773]
Event: 10.036 Thread 0x000001dc5dbf6f40 Exception <a 'java/lang/NoSuchMethodError'{0x00000000eb909f68}: 'java.lang.Object java.lang.invoke.Invokers$Holder.linkToTargetMethod(java.lang.Object, java.lang.Object, int, java.lang.Object, java.lang.Object)'> (0x00000000eb909f68) 
thrown [s\src\hotspot\share\interpreter\linkResolver.cpp, line 773]
Event: 10.037 Thread 0x000001dc624351c0 Exception <a 'java/lang/NoSuchMethodError'{0x00000000eb822ce8}: 'java.lang.Object java.lang.invoke.DirectMethodHandle$Holder.invokeSpecial(java.lang.Object, java.lang.Object, int, java.lang.Object, java.lang.Object)'> (0x00000000eb822ce8) 
thrown [s\src\hotspot\share\interpreter\linkResolver.cpp, line 773]
Event: 11.079 Thread 0x000001dc5dbf6f40 Exception <a 'java/lang/NoSuchMethodError'{0x00000000eba14218}: 'void java.lang.invoke.DirectMethodHandle$Holder.invokeSpecial(java.lang.Object, java.lang.Object, java.lang.Object, java.lang.Object, java.lang.Object)'> (0x00000000eba14218) 
thrown [s\src\hotspot\share\interpreter\linkResolver.cpp, line 773]

ZGC Phase Switch (0 events):
No events

VM Operations (20 events):
Event: 7.083 Executing VM operation: HandshakeAllThreads (Deoptimize)
Event: 7.083 Executing VM operation: HandshakeAllThreads (Deoptimize) done
Event: 7.282 Executing VM operation: ParallelGCFailedAllocation (Allocation Failure)
Event: 7.289 Executing VM operation: ParallelGCFailedAllocation (Allocation Failure) done
Event: 8.292 Executing VM operation: Cleanup
Event: 8.292 Executing VM operation: Cleanup done
Event: 9.257 Executing VM operation: HandshakeAllThreads (Deoptimize)
Event: 9.257 Executing VM operation: HandshakeAllThreads (Deoptimize) done
Event: 9.277 Executing VM operation: ParallelGCFailedAllocation (Allocation Failure)
Event: 9.283 Executing VM operation: ParallelGCFailedAllocation (Allocation Failure) done
Event: 9.523 Executing VM operation: HandshakeAllThreads (Deoptimize)
Event: 9.523 Executing VM operation: HandshakeAllThreads (Deoptimize) done
Event: 9.636 Executing VM operation: HandshakeAllThreads (Deoptimize)
Event: 9.636 Executing VM operation: HandshakeAllThreads (Deoptimize) done
Event: 9.919 Executing VM operation: HandshakeAllThreads (Deoptimize)
Event: 9.919 Executing VM operation: HandshakeAllThreads (Deoptimize) done
Event: 10.925 Executing VM operation: Cleanup
Event: 11.067 Executing VM operation: Cleanup done
Event: 12.081 Executing VM operation: Cleanup
Event: 12.081 Executing VM operation: Cleanup done

Memory protections (0 events):
No events

Nmethod flushes (0 events):
No events

Events (20 events):
Event: 0.118 Thread 0x000001dc47673600 Thread added: 0x000001dc5ba318d0
Event: 0.119 Thread 0x000001dc47673600 Thread added: 0x000001dc5d421790
Event: 0.179 Thread 0x000001dc47673600 Thread added: 0x000001dc5d506d40
Event: 0.794 Thread 0x000001dc47673600 Thread added: 0x000001dc5d73aa60
Event: 0.800 Thread 0x000001dc5d421790 Thread added: 0x000001dc5d621c70
Event: 1.619 Thread 0x000001dc5d621c70 Thread exited: 0x000001dc5d621c70
Event: 1.886 Thread 0x000001dc5d421790 Thread added: 0x000001dc5de266e0
Event: 2.317 Thread 0x000001dc5de266e0 Thread exited: 0x000001dc5de266e0
Event: 4.597 Thread 0x000001dc47673600 Thread added: 0x000001dc5db88bd0
Event: 5.091 Thread 0x000001dc47673600 Thread added: 0x000001dc6215d350
Event: 5.151 Thread 0x000001dc6215d350 Thread added: 0x000001dc6215a010
Event: 5.159 Thread 0x000001dc47673600 Thread added: 0x000001dc5dbf6f40
Event: 6.349 Thread 0x000001dc5dbf6f40 Thread added: 0x000001dc5d46f910
Event: 6.901 Thread 0x000001dc5dbf6f40 Thread added: 0x000001dc62241790
Event: 7.039 Thread 0x000001dc5dbf6f40 Thread added: 0x000001dc62438af0
Event: 8.868 Thread 0x000001dc5dbf6f40 Thread added: 0x000001dc62435ee0
Event: 9.949 Thread 0x000001dc5dbf6f40 Thread added: 0x000001dc62437290
Event: 10.003 Thread 0x000001dc5dbf6f40 Thread added: 0x000001dc624351c0
Event: 10.037 Thread 0x000001dc5dbf6f40 Thread added: 0x000001dc62435850
Event: 10.246 Thread 0x000001dc62435850 Thread added: 0x000001dc62436570


Dynamic libraries:
0x00007ff6fc710000 - 0x00007ff6fc71e000 	c:\Users\cuent\.vscode\extensions\redhat.java-1.42.0-win32-x64\jre\21.0.7-win32-x86_64\bin\java.exe
0x00007ff9a2e60000 - 0x00007ff9a30c6000 	C:\WINDOWS\SYSTEM32\ntdll.dll
0x00007ff9a2d50000 - 0x00007ff9a2e19000 	C:\WINDOWS\System32\KERNEL32.DLL
0x00007ff9a05a0000 - 0x00007ff9a096c000 	C:\WINDOWS\System32\KERNELBASE.dll
0x00007ff99d0c0000 - 0x00007ff99d15e000 	C:\WINDOWS\SYSTEM32\apphelp.dll
0x00007ff99fff0000 - 0x00007ff9a013b000 	C:\WINDOWS\System32\ucrtbase.dll
0x00007ff99cd60000 - 0x00007ff99cd78000 	c:\Users\cuent\.vscode\extensions\redhat.java-1.42.0-win32-x64\jre\21.0.7-win32-x86_64\bin\jli.dll
0x00007ff99cda0000 - 0x00007ff99cdbe000 	c:\Users\cuent\.vscode\extensions\redhat.java-1.42.0-win32-x64\jre\21.0.7-win32-x86_64\bin\VCRUNTIME140.dll
0x00007ff9a0d60000 - 0x00007ff9a0f2a000 	C:\WINDOWS\System32\USER32.dll
0x00007ff9a0430000 - 0x00007ff9a0457000 	C:\WINDOWS\System32\win32u.dll
0x00007ff9a2120000 - 0x00007ff9a214b000 	C:\WINDOWS\System32\GDI32.dll
0x00007ff9a0460000 - 0x00007ff9a0592000 	C:\WINDOWS\System32\gdi32full.dll
0x00007ff98db30000 - 0x00007ff98ddca000 	C:\WINDOWS\WinSxS\amd64_microsoft.windows.common-controls_6595b64144ccf1df_6.0.26100.3912_none_3e07963ce335137e\COMCTL32.dll
0x00007ff9a0380000 - 0x00007ff9a0423000 	C:\WINDOWS\System32\msvcp_win.dll
0x00007ff9a2570000 - 0x00007ff9a2619000 	C:\WINDOWS\System32\msvcrt.dll
0x00007ff9a0d20000 - 0x00007ff9a0d50000 	C:\WINDOWS\System32\IMM32.DLL
0x00007ff99d040000 - 0x00007ff99d04c000 	c:\Users\cuent\.vscode\extensions\redhat.java-1.42.0-win32-x64\jre\21.0.7-win32-x86_64\bin\vcruntime140_1.dll
0x00007ff9823e0000 - 0x00007ff98246d000 	c:\Users\cuent\.vscode\extensions\redhat.java-1.42.0-win32-x64\jre\21.0.7-win32-x86_64\bin\msvcp140.dll
0x00007ff9436c0000 - 0x00007ff944450000 	c:\Users\cuent\.vscode\extensions\redhat.java-1.42.0-win32-x64\jre\21.0.7-win32-x86_64\bin\server\jvm.dll
0x00007ff9a11a0000 - 0x00007ff9a1252000 	C:\WINDOWS\System32\ADVAPI32.dll
0x00007ff9a1cb0000 - 0x00007ff9a1d56000 	C:\WINDOWS\System32\sechost.dll
0x00007ff9a1810000 - 0x00007ff9a1926000 	C:\WINDOWS\System32\RPCRT4.dll
0x00007ff9a1280000 - 0x00007ff9a12f4000 	C:\WINDOWS\System32\WS2_32.dll
0x00007ff99fe60000 - 0x00007ff99febe000 	C:\WINDOWS\SYSTEM32\POWRPROF.dll
0x00007ff97f240000 - 0x00007ff97f276000 	C:\WINDOWS\SYSTEM32\WINMM.dll
0x00007ff998070000 - 0x00007ff99807b000 	C:\WINDOWS\SYSTEM32\VERSION.dll
0x00007ff99fe40000 - 0x00007ff99fe54000 	C:\WINDOWS\SYSTEM32\UMPDC.dll
0x00007ff99edb0000 - 0x00007ff99edca000 	C:\WINDOWS\SYSTEM32\kernel.appcore.dll
0x00007ff99ce50000 - 0x00007ff99ce5a000 	c:\Users\cuent\.vscode\extensions\redhat.java-1.42.0-win32-x64\jre\21.0.7-win32-x86_64\bin\jimage.dll
0x00007ff98e3d0000 - 0x00007ff98e611000 	C:\WINDOWS\SYSTEM32\DBGHELP.DLL
0x00007ff9a21b0000 - 0x00007ff9a2534000 	C:\WINDOWS\System32\combase.dll
0x00007ff9a2030000 - 0x00007ff9a2110000 	C:\WINDOWS\System32\OLEAUT32.dll
0x00007ff98a890000 - 0x00007ff98a8c9000 	C:\WINDOWS\SYSTEM32\dbgcore.DLL
0x00007ff9a0a00000 - 0x00007ff9a0a99000 	C:\WINDOWS\System32\bcryptPrimitives.dll
0x00007ff99ce30000 - 0x00007ff99ce3f000 	c:\Users\cuent\.vscode\extensions\redhat.java-1.42.0-win32-x64\jre\21.0.7-win32-x86_64\bin\instrument.dll
0x00007ff99a740000 - 0x00007ff99a75f000 	c:\Users\cuent\.vscode\extensions\redhat.java-1.42.0-win32-x64\jre\21.0.7-win32-x86_64\bin\java.dll
0x00007ff9a2620000 - 0x00007ff9a2d4d000 	C:\WINDOWS\System32\SHELL32.dll
0x00007ff9a0aa0000 - 0x00007ff9a0c14000 	C:\WINDOWS\System32\wintypes.dll
0x00007ff99dca0000 - 0x00007ff99e4f6000 	C:\WINDOWS\SYSTEM32\windows.storage.dll
0x00007ff9a1d60000 - 0x00007ff9a1e4f000 	C:\WINDOWS\System32\SHCORE.dll
0x00007ff9a1bf0000 - 0x00007ff9a1c59000 	C:\WINDOWS\System32\shlwapi.dll
0x00007ff99fed0000 - 0x00007ff99feff000 	C:\WINDOWS\SYSTEM32\profapi.dll
0x00007ff9944d0000 - 0x00007ff9944e8000 	c:\Users\cuent\.vscode\extensions\redhat.java-1.42.0-win32-x64\jre\21.0.7-win32-x86_64\bin\zip.dll
0x00007ff99cc90000 - 0x00007ff99cca0000 	C:\Users\cuent\.vscode\extensions\redhat.java-1.42.0-win32-x64\jre\21.0.7-win32-x86_64\bin\net.dll
0x00007ff997e80000 - 0x00007ff997f9e000 	C:\WINDOWS\SYSTEM32\WINHTTP.dll
0x00007ff99f320000 - 0x00007ff99f38a000 	C:\WINDOWS\system32\mswsock.dll
0x00007ff994490000 - 0x00007ff9944a6000 	C:\Users\cuent\.vscode\extensions\redhat.java-1.42.0-win32-x64\jre\21.0.7-win32-x86_64\bin\nio.dll
0x00007ff99cc30000 - 0x00007ff99cc40000 	c:\Users\cuent\.vscode\extensions\redhat.java-1.42.0-win32-x64\jre\21.0.7-win32-x86_64\bin\verify.dll
0x00007ff99c7d0000 - 0x00007ff99c815000 	C:\Users\cuent\AppData\Roaming\Code\User\globalStorage\redhat.java\1.42.0\config_win\org.eclipse.equinox.launcher\org.eclipse.equinox.launcher.win32.win32.x86_64_1.2.1300.v20250331-1702\eclipse_11911.dll
0x00007ff9a1e60000 - 0x00007ff9a1fff000 	C:\WINDOWS\System32\ole32.dll
0x00007ff99f5c0000 - 0x00007ff99f5dc000 	C:\WINDOWS\SYSTEM32\CRYPTSP.dll
0x00007ff99ed10000 - 0x00007ff99ed4a000 	C:\WINDOWS\system32\rsaenh.dll
0x00007ff99f3c0000 - 0x00007ff99f3eb000 	C:\WINDOWS\SYSTEM32\USERENV.dll
0x00007ff99ff10000 - 0x00007ff99ff36000 	C:\WINDOWS\SYSTEM32\bcrypt.dll
0x00007ff99f5e0000 - 0x00007ff99f5ec000 	C:\WINDOWS\SYSTEM32\CRYPTBASE.dll
0x00007ff99e7f0000 - 0x00007ff99e823000 	C:\WINDOWS\SYSTEM32\IPHLPAPI.DLL
0x00007ff9a1260000 - 0x00007ff9a126a000 	C:\WINDOWS\System32\NSI.dll
0x00007ff988be0000 - 0x00007ff988c29000 	C:\Users\cuent\AppData\Local\Temp\jna-95014713\jna15093184791169443705.dll
0x00007ff9a19e0000 - 0x00007ff9a19e8000 	C:\WINDOWS\System32\PSAPI.DLL

dbghelp: loaded successfully - version: 4.0.5 - missing functions: none
symbol engine: initialized successfully - sym options: 0x614 - pdb path: .;c:\Users\cuent\.vscode\extensions\redhat.java-1.42.0-win32-x64\jre\21.0.7-win32-x86_64\bin;C:\WINDOWS\SYSTEM32;C:\WINDOWS\WinSxS\amd64_microsoft.windows.common-controls_6595b64144ccf1df_6.0.26100.3912_none_3e07963ce335137e;c:\Users\cuent\.vscode\extensions\redhat.java-1.42.0-win32-x64\jre\21.0.7-win32-x86_64\bin\server;C:\Users\cuent\AppData\Roaming\Code\User\globalStorage\redhat.java\1.42.0\config_win\org.eclipse.equinox.launcher\org.eclipse.equinox.launcher.win32.win32.x86_64_1.2.1300.v20250331-1702;C:\Users\cuent\AppData\Local\Temp\jna-95014713

VM Arguments:
jvm_args: --add-modules=ALL-SYSTEM --add-opens=java.base/java.util=ALL-UNNAMED --add-opens=java.base/java.lang=ALL-UNNAMED --add-opens=java.base/sun.nio.fs=ALL-UNNAMED -Declipse.application=org.eclipse.jdt.ls.core.id1 -Dosgi.bundles.defaultStartLevel=4 -Declipse.product=org.eclipse.jdt.ls.core.product -Djava.import.generatesMetadataFilesAtProjectRoot=false -DDetectVMInstallationsJob.disabled=true -Dfile.encoding=utf8 -XX:+UseParallelGC -XX:GCTimeRatio=4 -XX:AdaptiveSizePolicyWeight=90 -Dsun.zip.disableMemoryMapping=true -Xmx1G -Xms100m -Xlog:disable -javaagent:c:\Users\cuent\.vscode\extensions\redhat.java-1.42.0-win32-x64\lombok\lombok-1.18.36.jar -XX:+HeapDumpOnOutOfMemoryError -XX:HeapDumpPath=c:\Users\cuent\AppData\Roaming\Code\User\workspaceStorage\25456b77a75017d91bdb552ce3648551\redhat.java -Daether.dependencyCollector.impl=bf 
java_command: c:\Users\cuent\.vscode\extensions\redhat.java-1.42.0-win32-x64\server\plugins\org.eclipse.equinox.launcher_1.7.0.v20250424-1814.jar -configuration c:\Users\cuent\AppData\Roaming\Code\User\globalStorage\redhat.java\1.42.0\config_win -data c:\Users\cuent\AppData\Roaming\Code\User\workspaceStorage\25456b77a75017d91bdb552ce3648551\redhat.java\jdt_ws --pipe=\\.\pipe\lsp-3845e77a282838b510d27bec541ba2c0-sock
java_class_path (initial): c:\Users\cuent\.vscode\extensions\redhat.java-1.42.0-win32-x64\server\plugins\org.eclipse.equinox.launcher_1.7.0.v20250424-1814.jar
Launcher Type: SUN_STANDARD

[Global flags]
    uintx AdaptiveSizePolicyWeight                 = 90                                        {product} {command line}
     intx CICompilerCount                          = 4                                         {product} {ergonomic}
    uintx GCTimeRatio                              = 4                                         {product} {command line}
     bool HeapDumpOnOutOfMemoryError               = true                                   {manageable} {command line}
    ccstr HeapDumpPath                             = c:\Users\cuent\AppData\Roaming\Code\User\workspaceStorage\25456b77a75017d91bdb552ce3648551\redhat.java         {manageable} {command line}
   size_t InitialHeapSize                          = 104857600                                 {product} {command line}
   size_t MaxHeapSize                              = 1073741824                                {product} {command line}
   size_t MaxNewSize                               = 357564416                                 {product} {ergonomic}
   size_t MinHeapDeltaBytes                        = 524288                                    {product} {ergonomic}
   size_t MinHeapSize                              = 104857600                                 {product} {command line}
   size_t NewSize                                  = 34603008                                  {product} {ergonomic}
    uintx NonNMethodCodeHeapSize                   = 5839372                                {pd product} {ergonomic}
    uintx NonProfiledCodeHeapSize                  = 122909434                              {pd product} {ergonomic}
   size_t OldSize                                  = 70254592                                  {product} {ergonomic}
    uintx ProfiledCodeHeapSize                     = 122909434                              {pd product} {ergonomic}
    uintx ReservedCodeCacheSize                    = 251658240                              {pd product} {ergonomic}
     bool SegmentedCodeCache                       = true                                      {product} {ergonomic}
   size_t SoftMaxHeapSize                          = 1073741824                             {manageable} {ergonomic}
     bool UseCompressedOops                        = true                           {product lp64_product} {ergonomic}
     bool UseLargePagesIndividualAllocation        = false                                  {pd product} {ergonomic}
     bool UseParallelGC                            = true                                      {product} {command line}

Logging:
Log output configuration:
 #0: stdout all=off uptime,level,tags foldmultilines=false
 #1: stderr all=off uptime,level,tags foldmultilines=false

Environment Variables:
PATH=C:\Program Files\Eclipse Adoptium\jdk-21.0.6.7-hotspot\bin;C:\Program Files\Common Files\Oracle\Java\javapath;C:\Program Files (x86)\Common Files\Oracle\Java\java8path;C:\Program Files (x86)\Common Files\Oracle\Java\javapath;C:\WINDOWS\system32;C:\WINDOWS;C:\WINDOWS\System32\Wbem;C:\WINDOWS\System32\WindowsPowerShell\v1.0\;C:\WINDOWS\System32\OpenSSH\;C:\Program Files\PuTTY\;C:\Program Files (x86)\Microsoft SQL Server\160\DTS\Binn\;C:\Program Files\dotnet\;C:\Program Files\Git\cmd;C:\Users\cuent\AppData\Local\Programs\Python\Launcher\;C:\Users\cuent\AppData\Local\Microsoft\WindowsApps;C:\Users\cuent\AppData\Local\Programs\Microsoft VS Code\bin;
USERNAME=cuent
OS=Windows_NT
PROCESSOR_IDENTIFIER=Intel64 Family 6 Model 142 Stepping 11, GenuineIntel
TMP=C:\Users\cuent\AppData\Local\Temp
TEMP=C:\Users\cuent\AppData\Local\Temp




Periodic native trim disabled

---------------  S Y S T E M  ---------------

OS:
 Windows 11 , 64 bit Build 26100 (10.0.26100.3912)
OS uptime: 20 days 11:22 hours

CPU: total 8 (initial active 8) (4 cores per cpu, 2 threads per core) family 6 model 142 stepping 11 microcode 0xde, cx8, cmov, fxsr, ht, mmx, 3dnowpref, sse, sse2, sse3, ssse3, sse4.1, sse4.2, popcnt, lzcnt, tsc, tscinvbit, avx, avx2, aes, erms, clmul, bmi1, bmi2, adx, fma, vzeroupper, clflush, clflushopt, rdtscp, f16c
Processor Information for the first 8 processors :
  Max Mhz: 1800, Current Mhz: 1600, Mhz Limit: 1584

Memory: 4k page, system-wide physical 3944M (345M free)
TotalPageFile size 16232M (AvailPageFile size 5M)
current process WorkingSet (physical memory assigned to process): 135M, peak: 135M
current process commit charge ("private bytes"): 240M, peak: 241M

vm_info: OpenJDK 64-Bit Server VM (21.0.7+6-LTS) for windows-amd64 JRE (21.0.7+6-LTS), built on 2025-04-15T00:00:00Z by "admin" with MS VC++ 17.7 (VS2022)

END.
