#
# There is insufficient memory for the Java Runtime Environment to continue.
# Native memory allocation (malloc) failed to allocate 1518720 bytes. Error detail: Chunk::new
# Possible reasons:
#   The system is out of physical RAM or swap space
#   This process is running with CompressedOops enabled, and the Java Heap may be blocking the growth of the native heap
# Possible solutions:
#   Reduce memory load on the system
#   Increase physical memory or swap space
#   Check if swap backing store is full
#   Decrease Java heap size (-Xmx/-Xms)
#   Decrease number of Java threads
#   Decrease Java thread stack sizes (-Xss)
#   Set larger code cache with -XX:ReservedCodeCacheSize=
#   JVM is running with Unscaled Compressed Oops mode in which the Java heap is
#     placed in the first 4GB address space. The Java Heap base address is the
#     maximum limit for the native heap growth. Please use -XX:HeapBaseMinAddress
#     to set the Java Heap base and to place the Java Heap above 4GB virtual address.
# This output file may be truncated or incomplete.
#
#  Out of Memory Error (arena.cpp:168), pid=5428, tid=23160
#
# JRE version: OpenJDK Runtime Environment Temurin-21.0.7+6 (21.0.7+6) (build 21.0.7+6-LTS)
# Java VM: OpenJDK 64-Bit Server VM Temurin-21.0.7+6 (21.0.7+6-LTS, mixed mode, sharing, tiered, compressed oops, compressed class ptrs, parallel gc, windows-amd64)
# No core dump will be written. Minidumps are not enabled by default on client versions of Windows
#

---------------  S U M M A R Y ------------

Command Line: --add-modules=ALL-SYSTEM --add-opens=java.base/java.util=ALL-UNNAMED --add-opens=java.base/java.lang=ALL-UNNAMED --add-opens=java.base/sun.nio.fs=ALL-UNNAMED -Declipse.application=org.eclipse.jdt.ls.core.id1 -Dosgi.bundles.defaultStartLevel=4 -Declipse.product=org.eclipse.jdt.ls.core.product -Djava.import.generatesMetadataFilesAtProjectRoot=false -DDetectVMInstallationsJob.disabled=true -Dfile.encoding=utf8 -XX:+UseParallelGC -XX:GCTimeRatio=4 -XX:AdaptiveSizePolicyWeight=90 -Dsun.zip.disableMemoryMapping=true -Xmx1G -Xms100m -Xlog:disable -javaagent:c:\Users\cuent\.vscode\extensions\redhat.java-1.42.0-win32-x64\lombok\lombok-1.18.36.jar -XX:+HeapDumpOnOutOfMemoryError -XX:HeapDumpPath=c:\Users\cuent\AppData\Roaming\Code\User\workspaceStorage\25456b77a75017d91bdb552ce3648551\redhat.java -Daether.dependencyCollector.impl=bf c:\Users\cuent\.vscode\extensions\redhat.java-1.42.0-win32-x64\server\plugins\org.eclipse.equinox.launcher_1.7.0.v20250424-1814.jar -configuration c:\Users\cuent\AppData\Roaming\Code\User\globalStorage\redhat.java\1.42.0\config_win -data c:\Users\cuent\AppData\Roaming\Code\User\workspaceStorage\25456b77a75017d91bdb552ce3648551\redhat.java\jdt_ws --pipe=\\.\pipe\lsp-fd927b663b098627ef53ac78a3156e3d-sock

Host: Intel(R) Core(TM) i5-8265U CPU @ 1.60GHz, 8 cores, 3G,  Windows 11 , 64 bit Build 26100 (10.0.26100.3912)
Time: Wed Jun 11 20:19:14 2025 Hora est. Sudamérica Pacífico elapsed time: 30.626706 seconds (0d 0h 0m 30s)

---------------  T H R E A D  ---------------

Current thread (0x000001271ca0c8a0):  JavaThread "C2 CompilerThread0" daemon [_thread_in_native, id=23160, stack(0x0000000196400000,0x0000000196500000) (1024K)]


Current CompileTask:
C2:30626 7329 %     4       org.eclipse.jdt.internal.core.search.indexing.BinaryIndexer::extractReferenceFromConstantPool @ 15 (358 bytes)

Stack: [0x0000000196400000,0x0000000196500000]
Native frames: (J=compiled Java code, j=interpreted, Vv=VM code, C=native code)
V  [jvm.dll+0x6ce119]
V  [jvm.dll+0x8a84a1]
V  [jvm.dll+0x8aa9ce]
V  [jvm.dll+0x8ab0b3]
V  [jvm.dll+0x27f8a6]
V  [jvm.dll+0xc507d]
V  [jvm.dll+0xc55b3]
V  [jvm.dll+0x3b692c]
V  [jvm.dll+0x1e0029]
V  [jvm.dll+0x247c42]
V  [jvm.dll+0x2470cf]
V  [jvm.dll+0x1c760e]
V  [jvm.dll+0x25695a]
V  [jvm.dll+0x254efa]
V  [jvm.dll+0x3f03f6]
V  [jvm.dll+0x851f6b]
V  [jvm.dll+0x6cc7dd]
C  [ucrtbase.dll+0x37b0]
C  [KERNEL32.DLL+0x2e8d7]
C  [ntdll.dll+0x9c5dc]


---------------  P R O C E S S  ---------------

Threads class SMR info:
_java_thread_list=0x0000012765c8fe80, length=40, elements={
0x000001270864e630, 0x00000127086fe760, 0x000001271c9f9900, 0x000001271c9fba50,
0x000001271ca00fc0, 0x000001271ca05380, 0x000001271ca07590, 0x000001271ca0c8a0,
0x000001271ca11f90, 0x000001275f4cd810, 0x000001275f7b17b0, 0x000001276439fce0,
0x000001276463ab70, 0x0000012764301ea0, 0x00000127646c81f0, 0x0000012764b9a440,
0x0000012764bf0580, 0x000001276424d6d0, 0x000001276424bc90, 0x000001276424c9b0,
0x000001276424e3f0, 0x000001276424b600, 0x000001276424dd60, 0x000001276424c320,
0x000001276424d040, 0x000001276424af70, 0x0000012765950470, 0x0000012765952bd0,
0x0000012765951eb0, 0x0000012765950b00, 0x0000012765952540, 0x0000012765951190,
0x0000012765951820, 0x0000012765953260, 0x000001276594fde0, 0x0000012766b09d70,
0x0000012766b096e0, 0x0000012766b09050, 0x0000012766b0a400, 0x0000012765f213e0
}

Java Threads: ( => current thread )
  0x000001270864e630 JavaThread "main"                              [_thread_blocked, id=19312, stack(0x0000000195a00000,0x0000000195b00000) (1024K)]
  0x00000127086fe760 JavaThread "Reference Handler"          daemon [_thread_blocked, id=22576, stack(0x0000000195e00000,0x0000000195f00000) (1024K)]
  0x000001271c9f9900 JavaThread "Finalizer"                  daemon [_thread_blocked, id=8132, stack(0x0000000195f00000,0x0000000196000000) (1024K)]
  0x000001271c9fba50 JavaThread "Signal Dispatcher"          daemon [_thread_blocked, id=10044, stack(0x0000000196000000,0x0000000196100000) (1024K)]
  0x000001271ca00fc0 JavaThread "Attach Listener"            daemon [_thread_blocked, id=9700, stack(0x0000000196100000,0x0000000196200000) (1024K)]
  0x000001271ca05380 JavaThread "Service Thread"             daemon [_thread_blocked, id=12024, stack(0x0000000196200000,0x0000000196300000) (1024K)]
  0x000001271ca07590 JavaThread "Monitor Deflation Thread"   daemon [_thread_blocked, id=21028, stack(0x0000000196300000,0x0000000196400000) (1024K)]
=>0x000001271ca0c8a0 JavaThread "C2 CompilerThread0"         daemon [_thread_in_native, id=23160, stack(0x0000000196400000,0x0000000196500000) (1024K)]
  0x000001271ca11f90 JavaThread "C1 CompilerThread0"         daemon [_thread_blocked, id=7472, stack(0x0000000196500000,0x0000000196600000) (1024K)]
  0x000001275f4cd810 JavaThread "Common-Cleaner"             daemon [_thread_blocked, id=10696, stack(0x0000000196600000,0x0000000196700000) (1024K)]
  0x000001275f7b17b0 JavaThread "Notification Thread"        daemon [_thread_blocked, id=10896, stack(0x0000000196700000,0x0000000196800000) (1024K)]
  0x000001276439fce0 JavaThread "Active Thread: Equinox Container: a16975f8-28cf-4be6-9aa5-724ddc37a646"        [_thread_blocked, id=21464, stack(0x0000000196800000,0x0000000196900000) (1024K)]
  0x000001276463ab70 JavaThread "Refresh Thread: Equinox Container: a16975f8-28cf-4be6-9aa5-724ddc37a646" daemon [_thread_blocked, id=19392, stack(0x0000000196f00000,0x0000000197000000) (1024K)]
  0x0000012764301ea0 JavaThread "Framework Event Dispatcher: Equinox Container: a16975f8-28cf-4be6-9aa5-724ddc37a646" daemon [_thread_blocked, id=6636, stack(0x0000000197100000,0x0000000197200000) (1024K)]
  0x00000127646c81f0 JavaThread "Start Level: Equinox Container: a16975f8-28cf-4be6-9aa5-724ddc37a646" daemon [_thread_blocked, id=16940, stack(0x0000000197200000,0x0000000197300000) (1024K)]
  0x0000012764b9a440 JavaThread "Bundle File Closer"         daemon [_thread_blocked, id=18980, stack(0x0000000197300000,0x0000000197400000) (1024K)]
  0x0000012764bf0580 JavaThread "SCR Component Actor"        daemon [_thread_blocked, id=18628, stack(0x0000000197400000,0x0000000197500000) (1024K)]
  0x000001276424d6d0 JavaThread "Worker-JM"                         [_thread_blocked, id=14780, stack(0x0000000197600000,0x0000000197700000) (1024K)]
  0x000001276424bc90 JavaThread "JNA Cleaner"                daemon [_thread_blocked, id=18748, stack(0x0000000197500000,0x0000000197600000) (1024K)]
  0x000001276424c9b0 JavaThread "Worker-0: Processing Java changes since last activation"        [_thread_blocked, id=7928, stack(0x0000000197700000,0x0000000197800000) (1024K)]
  0x000001276424e3f0 JavaThread "Worker-1"                          [_thread_blocked, id=6412, stack(0x0000000197800000,0x0000000197900000) (1024K)]
  0x000001276424b600 JavaThread "Worker-2: Building"                [_thread_in_native, id=5788, stack(0x0000000197a00000,0x0000000197b00000) (1024K)]
  0x000001276424dd60 JavaThread "Java indexing"              daemon [_thread_in_vm, id=15528, stack(0x0000000197b00000,0x0000000197c00000) (1024K)]
  0x000001276424c320 JavaThread "Worker-3"                          [_thread_blocked, id=20724, stack(0x0000000197c00000,0x0000000197d00000) (1024K)]
  0x000001276424d040 JavaThread "Worker-4: Initialize After Load"        [_thread_blocked, id=17400, stack(0x0000000197d00000,0x0000000197e00000) (1024K)]
  0x000001276424af70 JavaThread "Worker-5"                          [_thread_blocked, id=15404, stack(0x0000000197f00000,0x0000000198000000) (1024K)]
  0x0000012765950470 JavaThread "Worker-6: Java indexing... "        [_thread_blocked, id=18268, stack(0x0000000198000000,0x0000000198100000) (1024K)]
  0x0000012765952bd0 JavaThread "Thread-3"                   daemon [_thread_in_native, id=12816, stack(0x0000000198100000,0x0000000198200000) (1024K)]
  0x0000012765951eb0 JavaThread "Thread-4"                   daemon [_thread_in_native, id=15264, stack(0x0000000198200000,0x0000000198300000) (1024K)]
  0x0000012765950b00 JavaThread "Thread-5"                   daemon [_thread_in_native, id=15808, stack(0x0000000198300000,0x0000000198400000) (1024K)]
  0x0000012765952540 JavaThread "Thread-6"                   daemon [_thread_in_native, id=18888, stack(0x0000000198400000,0x0000000198500000) (1024K)]
  0x0000012765951190 JavaThread "Thread-7"                   daemon [_thread_in_native, id=21600, stack(0x0000000198500000,0x0000000198600000) (1024K)]
  0x0000012765951820 JavaThread "Thread-8"                   daemon [_thread_in_native, id=17008, stack(0x0000000198600000,0x0000000198700000) (1024K)]
  0x0000012765953260 JavaThread "Thread-9"                   daemon [_thread_in_native, id=7840, stack(0x0000000198700000,0x0000000198800000) (1024K)]
  0x000001276594fde0 JavaThread "Thread-10"                  daemon [_thread_in_native, id=20640, stack(0x0000000198800000,0x0000000198900000) (1024K)]
  0x0000012766b09d70 JavaThread "Thread-11"                  daemon [_thread_in_native, id=4532, stack(0x0000000198900000,0x0000000198a00000) (1024K)]
  0x0000012766b096e0 JavaThread "pool-2-thread-1"                   [_thread_blocked, id=18424, stack(0x0000000198a00000,0x0000000198b00000) (1024K)]
  0x0000012766b09050 JavaThread "WorkspaceEventsHandler"            [_thread_blocked, id=18820, stack(0x0000000198b00000,0x0000000198c00000) (1024K)]
  0x0000012766b0a400 JavaThread "pool-1-thread-1"                   [_thread_blocked, id=17736, stack(0x0000000198c00000,0x0000000198d00000) (1024K)]
  0x0000012765f213e0 JavaThread "C2 CompilerThread1"         daemon [_thread_in_native, id=11364, stack(0x0000000198d00000,0x0000000198e00000) (1024K)]
Total: 40

Other Threads:
  0x000001271c9f3120 VMThread "VM Thread"                           [id=17632, stack(0x0000000195d00000,0x0000000195e00000) (1024K)]
  0x000001271c90ca00 WatcherThread "VM Periodic Task Thread"        [id=7440, stack(0x0000000195c00000,0x0000000195d00000) (1024K)]
  0x0000012708666c30 WorkerThread "GC Thread#0"                     [id=11432, stack(0x0000000195b00000,0x0000000195c00000) (1024K)]
  0x000001276404ab80 WorkerThread "GC Thread#1"                     [id=1736, stack(0x0000000196900000,0x0000000196a00000) (1024K)]
  0x000001276404af20 WorkerThread "GC Thread#2"                     [id=22636, stack(0x0000000196a00000,0x0000000196b00000) (1024K)]
  0x00000127643c6180 WorkerThread "GC Thread#3"                     [id=3184, stack(0x0000000196b00000,0x0000000196c00000) (1024K)]
  0x00000127643c6520 WorkerThread "GC Thread#4"                     [id=6376, stack(0x0000000196c00000,0x0000000196d00000) (1024K)]
  0x00000127643c68c0 WorkerThread "GC Thread#5"                     [id=6736, stack(0x0000000196d00000,0x0000000196e00000) (1024K)]
  0x00000127643c6c60 WorkerThread "GC Thread#6"                     [id=3056, stack(0x0000000196e00000,0x0000000196f00000) (1024K)]
  0x0000012764581180 WorkerThread "GC Thread#7"                     [id=19008, stack(0x0000000197000000,0x0000000197100000) (1024K)]
Total: 10

Threads with active compile tasks:
C2 CompilerThread0  30803 7329 %     4       org.eclipse.jdt.internal.core.search.indexing.BinaryIndexer::extractReferenceFromConstantPool @ 15 (358 bytes)
C2 CompilerThread1  30803 7364   !   4       org.eclipse.jdt.internal.compiler.classfmt.ClassFileReader::<init> (2135 bytes)
Total: 2

VM state: not at safepoint (normal execution)

VM Mutex/Monitor currently owned by a thread: None

Heap address: 0x00000000c0000000, size: 1024 MB, Compressed Oops mode: 32-bit

CDS archive(s) mapped at: [0x000001271d000000-0x000001271dba0000-0x000001271dba0000), size 12189696, SharedBaseAddress: 0x000001271d000000, ArchiveRelocationMode: 1.
Compressed class space mapped at: 0x000001271e000000-0x000001275e000000, reserved size: 1073741824
Narrow klass base: 0x000001271d000000, Narrow klass shift: 0, Narrow klass range: 0x100000000

GC Precious Log:
 CardTable entry size: 512
 CPUs: 8 total, 8 available
 Memory: 3944M
 Large Page Support: Disabled
 NUMA Support: Disabled
 Compressed Oops: Enabled (32-bit)
 Alignments: Space 512K, Generation 512K, Heap 2M
 Heap Min Capacity: 100M
 Heap Initial Capacity: 100M
 Heap Max Capacity: 1G
 Pre-touch: Disabled
 Parallel Workers: 8

Heap:
 PSYoungGen      total 27136K, used 7698K [0x00000000eab00000, 0x00000000ecc80000, 0x0000000100000000)
  eden space 22016K, 12% used [0x00000000eab00000,0x00000000eadaf968,0x00000000ec080000)
  from space 5120K, 96% used [0x00000000ec780000,0x00000000ecc55070,0x00000000ecc80000)
  to   space 5632K, 0% used [0x00000000ec180000,0x00000000ec180000,0x00000000ec700000)
 ParOldGen       total 68608K, used 29117K [0x00000000c0000000, 0x00000000c4300000, 0x00000000eab00000)
  object space 68608K, 42% used [0x00000000c0000000,0x00000000c1c6f658,0x00000000c4300000)
 Metaspace       used 47343K, committed 48576K, reserved 1114112K
  class space    used 4977K, committed 5568K, reserved 1048576K

Card table byte_map: [0x0000012707fe0000,0x00000127081f0000] _byte_map_base: 0x00000127079e0000

Marking Bits: (ParMarkBitMap*) 0x00007ff9443731f0
 Begin Bits: [0x000001271a830000, 0x000001271b830000)
 End Bits:   [0x000001271b830000, 0x000001271c830000)

Polling page: 0x0000012706440000

Metaspace:

Usage:
  Non-class:     41.37 MB used.
      Class:      4.86 MB used.
       Both:     46.23 MB used.

Virtual space:
  Non-class space:       64.00 MB reserved,      42.00 MB ( 66%) committed,  1 nodes.
      Class space:        1.00 GB reserved,       5.44 MB ( <1%) committed,  1 nodes.
             Both:        1.06 GB reserved,      47.44 MB (  4%) committed. 

Chunk freelists:
   Non-Class:  5.81 MB
       Class:  10.59 MB
        Both:  16.41 MB

MaxMetaspaceSize: unlimited
CompressedClassSpaceSize: 1.00 GB
Initial GC threshold: 21.00 MB
Current GC threshold: 58.38 MB
CDS: on
 - commit_granule_bytes: 65536.
 - commit_granule_words: 8192.
 - virtual_space_node_default_size: 8388608.
 - enlarge_chunks_in_place: 1.
 - use_allocation_guard: 0.


Internal statistics:

num_allocs_failed_limit: 6.
num_arena_births: 1006.
num_arena_deaths: 14.
num_vsnodes_births: 2.
num_vsnodes_deaths: 0.
num_space_committed: 759.
num_space_uncommitted: 0.
num_chunks_returned_to_freelist: 20.
num_chunks_taken_from_freelist: 3200.
num_chunk_merges: 9.
num_chunk_splits: 1961.
num_chunks_enlarged: 1030.
num_inconsistent_stats: 0.

CodeHeap 'non-profiled nmethods': size=120000Kb used=3106Kb max_used=3106Kb free=116893Kb
 bounds [0x0000012713300000, 0x0000012713610000, 0x000001271a830000]
CodeHeap 'profiled nmethods': size=120000Kb used=13879Kb max_used=13879Kb free=106120Kb
 bounds [0x000001270b830000, 0x000001270c5c0000, 0x0000012712d60000]
CodeHeap 'non-nmethods': size=5760Kb used=1383Kb max_used=1466Kb free=4377Kb
 bounds [0x0000012712d60000, 0x0000012712fd0000, 0x0000012713300000]
 total_blobs=7441 nmethods=6754 adapters=593
 compilation: enabled
              stopped_count=0, restarted_count=0
 full_count=0

Compilation events (20 events):
Event: 29.089 Thread 0x000001271ca0c8a0 7329 %     4       org.eclipse.jdt.internal.core.search.indexing.BinaryIndexer::extractReferenceFromConstantPool @ 15 (358 bytes)
Event: 29.111 Thread 0x000001271ca11f90 7348  s    3       org.eclipse.jdt.internal.core.search.processing.JobManager::currentJob (35 bytes)
Event: 29.111 Thread 0x000001271ca11f90 nmethod 7348 0x000001270c5baa90 code [0x000001270c5bac80, 0x000001270c5bb1d0]
Event: 29.225 Thread 0x000001271ca11f90 7351       3       org.eclipse.core.internal.resources.Resource::checkAccessible (7 bytes)
Event: 29.225 Thread 0x000001271ca11f90 nmethod 7351 0x000001270c5bb310 code [0x000001270c5bb4c0, 0x000001270c5bb688]
Event: 29.225 Thread 0x000001271ca11f90 7352       3       org.eclipse.core.internal.resources.Resource::checkExists (38 bytes)
Event: 29.226 Thread 0x000001271ca11f90 nmethod 7352 0x000001270c5bb790 code [0x000001270c5bb9a0, 0x000001270c5bc018]
Event: 29.235 Thread 0x000001271ca11f90 7354  s    3       java.io.ByteArrayInputStream::read (73 bytes)
Event: 29.236 Thread 0x000001271ca11f90 nmethod 7354 0x000001270c5bc210 code [0x000001270c5bc400, 0x000001270c5bc9e0]
Event: 29.236 Thread 0x000001271ca11f90 7355       3       jdk.internal.jrtfs.JrtPath::getFileName (5 bytes)
Event: 29.236 Thread 0x000001271ca11f90 nmethod 7355 0x000001270c5bcb90 code [0x000001270c5bcd40, 0x000001270c5bce78]
Event: 29.237 Thread 0x000001271ca11f90 7356       3       org.eclipse.jdt.core.Signature::consumeWhitespace (33 bytes)
Event: 29.237 Thread 0x000001271ca11f90 nmethod 7356 0x000001270c5bcf10 code [0x000001270c5bd0e0, 0x000001270c5bd480]
Event: 30.317 Thread 0x000001271ca11f90 7358       3       java.text.Format::<init> (5 bytes)
Event: 30.317 Thread 0x000001271ca11f90 nmethod 7358 0x000001270c5bd610 code [0x000001270c5bd7c0, 0x000001270c5bd928]
Event: 30.318 Thread 0x0000012765f213e0 7349 % !   4       org.eclipse.jdt.internal.compiler.classfmt.ClassFileReader::<init> @ 81 (2135 bytes)
Event: 30.593 Thread 0x0000012765f213e0 nmethod 7349% 0x00000127135ed990 code [0x00000127135ee3e0, 0x00000127135f9910]
Event: 30.595 Thread 0x0000012765f213e0 7292 %     4       java.util.Arrays::fill @ 5 (21 bytes)
Event: 30.598 Thread 0x0000012765f213e0 nmethod 7292% 0x00000127135ffa90 code [0x00000127135ffc20, 0x00000127135ffe48]
Event: 30.598 Thread 0x0000012765f213e0 7357 %     4       java.util.zip.ZipFile$Source::initCEN @ 261 (612 bytes)

GC Heap History (20 events):
Event: 20.513 GC heap before
{Heap before GC invocations=12 (full 1):
 PSYoungGen      total 24064K, used 23884K [0x00000000eab00000, 0x00000000ec700000, 0x0000000100000000)
  eden space 23040K, 99% used [0x00000000eab00000,0x00000000ec17fbf8,0x00000000ec180000)
  from space 1024K, 82% used [0x00000000ec600000,0x00000000ec6d3670,0x00000000ec700000)
  to   space 1536K, 0% used [0x00000000ec400000,0x00000000ec400000,0x00000000ec580000)
 ParOldGen       total 68608K, used 13792K [0x00000000c0000000, 0x00000000c4300000, 0x00000000eab00000)
  object space 68608K, 20% used [0x00000000c0000000,0x00000000c0d78238,0x00000000c4300000)
 Metaspace       used 30249K, committed 31296K, reserved 1114112K
  class space    used 3049K, committed 3520K, reserved 1048576K
}
Event: 20.516 GC heap after
{Heap after GC invocations=12 (full 1):
 PSYoungGen      total 24064K, used 1403K [0x00000000eab00000, 0x00000000ec680000, 0x0000000100000000)
  eden space 22528K, 0% used [0x00000000eab00000,0x00000000eab00000,0x00000000ec100000)
  from space 1536K, 91% used [0x00000000ec400000,0x00000000ec55eda0,0x00000000ec580000)
  to   space 1024K, 0% used [0x00000000ec580000,0x00000000ec580000,0x00000000ec680000)
 ParOldGen       total 68608K, used 15170K [0x00000000c0000000, 0x00000000c4300000, 0x00000000eab00000)
  object space 68608K, 22% used [0x00000000c0000000,0x00000000c0ed0820,0x00000000c4300000)
 Metaspace       used 30249K, committed 31296K, reserved 1114112K
  class space    used 3049K, committed 3520K, reserved 1048576K
}
Event: 21.168 GC heap before
{Heap before GC invocations=13 (full 1):
 PSYoungGen      total 24064K, used 23931K [0x00000000eab00000, 0x00000000ec680000, 0x0000000100000000)
  eden space 22528K, 100% used [0x00000000eab00000,0x00000000ec100000,0x00000000ec100000)
  from space 1536K, 91% used [0x00000000ec400000,0x00000000ec55eda0,0x00000000ec580000)
  to   space 1024K, 0% used [0x00000000ec580000,0x00000000ec580000,0x00000000ec680000)
 ParOldGen       total 68608K, used 15170K [0x00000000c0000000, 0x00000000c4300000, 0x00000000eab00000)
  object space 68608K, 22% used [0x00000000c0000000,0x00000000c0ed0820,0x00000000c4300000)
 Metaspace       used 31856K, committed 32960K, reserved 1114112K
  class space    used 3235K, committed 3712K, reserved 1048576K
}
Event: 21.170 GC heap after
{Heap after GC invocations=13 (full 1):
 PSYoungGen      total 23040K, used 645K [0x00000000eab00000, 0x00000000ec680000, 0x0000000100000000)
  eden space 22016K, 0% used [0x00000000eab00000,0x00000000eab00000,0x00000000ec080000)
  from space 1024K, 63% used [0x00000000ec580000,0x00000000ec621698,0x00000000ec680000)
  to   space 1024K, 0% used [0x00000000ec480000,0x00000000ec480000,0x00000000ec580000)
 ParOldGen       total 68608K, used 16349K [0x00000000c0000000, 0x00000000c4300000, 0x00000000eab00000)
  object space 68608K, 23% used [0x00000000c0000000,0x00000000c0ff7510,0x00000000c4300000)
 Metaspace       used 31856K, committed 32960K, reserved 1114112K
  class space    used 3235K, committed 3712K, reserved 1048576K
}
Event: 21.756 GC heap before
{Heap before GC invocations=14 (full 1):
 PSYoungGen      total 23040K, used 22598K [0x00000000eab00000, 0x00000000ec680000, 0x0000000100000000)
  eden space 22016K, 99% used [0x00000000eab00000,0x00000000ec0704e8,0x00000000ec080000)
  from space 1024K, 63% used [0x00000000ec580000,0x00000000ec621698,0x00000000ec680000)
  to   space 1024K, 0% used [0x00000000ec480000,0x00000000ec480000,0x00000000ec580000)
 ParOldGen       total 68608K, used 16349K [0x00000000c0000000, 0x00000000c4300000, 0x00000000eab00000)
  object space 68608K, 23% used [0x00000000c0000000,0x00000000c0ff7510,0x00000000c4300000)
 Metaspace       used 34768K, committed 35840K, reserved 1114112K
  class space    used 3566K, committed 4032K, reserved 1048576K
}
Event: 21.759 GC heap after
{Heap after GC invocations=14 (full 1):
 PSYoungGen      total 23040K, used 1010K [0x00000000eab00000, 0x00000000ec600000, 0x0000000100000000)
  eden space 22016K, 0% used [0x00000000eab00000,0x00000000eab00000,0x00000000ec080000)
  from space 1024K, 98% used [0x00000000ec480000,0x00000000ec57c9d8,0x00000000ec580000)
  to   space 512K, 0% used [0x00000000ec580000,0x00000000ec580000,0x00000000ec600000)
 ParOldGen       total 68608K, used 17414K [0x00000000c0000000, 0x00000000c4300000, 0x00000000eab00000)
  object space 68608K, 25% used [0x00000000c0000000,0x00000000c1101ae8,0x00000000c4300000)
 Metaspace       used 34768K, committed 35840K, reserved 1114112K
  class space    used 3566K, committed 4032K, reserved 1048576K
}
Event: 21.759 GC heap before
{Heap before GC invocations=15 (full 2):
 PSYoungGen      total 23040K, used 1010K [0x00000000eab00000, 0x00000000ec600000, 0x0000000100000000)
  eden space 22016K, 0% used [0x00000000eab00000,0x00000000eab00000,0x00000000ec080000)
  from space 1024K, 98% used [0x00000000ec480000,0x00000000ec57c9d8,0x00000000ec580000)
  to   space 512K, 0% used [0x00000000ec580000,0x00000000ec580000,0x00000000ec600000)
 ParOldGen       total 68608K, used 17414K [0x00000000c0000000, 0x00000000c4300000, 0x00000000eab00000)
  object space 68608K, 25% used [0x00000000c0000000,0x00000000c1101ae8,0x00000000c4300000)
 Metaspace       used 34768K, committed 35840K, reserved 1114112K
  class space    used 3566K, committed 4032K, reserved 1048576K
}
Event: 21.805 GC heap after
{Heap after GC invocations=15 (full 2):
 PSYoungGen      total 23040K, used 0K [0x00000000eab00000, 0x00000000ec600000, 0x0000000100000000)
  eden space 22016K, 0% used [0x00000000eab00000,0x00000000eab00000,0x00000000ec080000)
  from space 1024K, 0% used [0x00000000ec480000,0x00000000ec480000,0x00000000ec580000)
  to   space 512K, 0% used [0x00000000ec580000,0x00000000ec580000,0x00000000ec600000)
 ParOldGen       total 68608K, used 17830K [0x00000000c0000000, 0x00000000c4300000, 0x00000000eab00000)
  object space 68608K, 25% used [0x00000000c0000000,0x00000000c1169b40,0x00000000c4300000)
 Metaspace       used 34768K, committed 35840K, reserved 1114112K
  class space    used 3566K, committed 4032K, reserved 1048576K
}
Event: 22.203 GC heap before
{Heap before GC invocations=16 (full 2):
 PSYoungGen      total 23040K, used 22016K [0x00000000eab00000, 0x00000000ec600000, 0x0000000100000000)
  eden space 22016K, 100% used [0x00000000eab00000,0x00000000ec080000,0x00000000ec080000)
  from space 1024K, 0% used [0x00000000ec480000,0x00000000ec480000,0x00000000ec580000)
  to   space 512K, 0% used [0x00000000ec580000,0x00000000ec580000,0x00000000ec600000)
 ParOldGen       total 68608K, used 17830K [0x00000000c0000000, 0x00000000c4300000, 0x00000000eab00000)
  object space 68608K, 25% used [0x00000000c0000000,0x00000000c1169b40,0x00000000c4300000)
 Metaspace       used 37839K, committed 38976K, reserved 1114112K
  class space    used 3912K, committed 4416K, reserved 1048576K
}
Event: 22.206 GC heap after
{Heap after GC invocations=16 (full 2):
 PSYoungGen      total 22528K, used 512K [0x00000000eab00000, 0x00000000ec600000, 0x0000000100000000)
  eden space 22016K, 0% used [0x00000000eab00000,0x00000000eab00000,0x00000000ec080000)
  from space 512K, 100% used [0x00000000ec580000,0x00000000ec600000,0x00000000ec600000)
  to   space 2048K, 0% used [0x00000000ec200000,0x00000000ec200000,0x00000000ec400000)
 ParOldGen       total 68608K, used 18815K [0x00000000c0000000, 0x00000000c4300000, 0x00000000eab00000)
  object space 68608K, 27% used [0x00000000c0000000,0x00000000c125fd88,0x00000000c4300000)
 Metaspace       used 37839K, committed 38976K, reserved 1114112K
  class space    used 3912K, committed 4416K, reserved 1048576K
}
Event: 22.667 GC heap before
{Heap before GC invocations=17 (full 2):
 PSYoungGen      total 22528K, used 22528K [0x00000000eab00000, 0x00000000ec600000, 0x0000000100000000)
  eden space 22016K, 100% used [0x00000000eab00000,0x00000000ec080000,0x00000000ec080000)
  from space 512K, 100% used [0x00000000ec580000,0x00000000ec600000,0x00000000ec600000)
  to   space 2048K, 0% used [0x00000000ec200000,0x00000000ec200000,0x00000000ec400000)
 ParOldGen       total 68608K, used 18815K [0x00000000c0000000, 0x00000000c4300000, 0x00000000eab00000)
  object space 68608K, 27% used [0x00000000c0000000,0x00000000c125fd88,0x00000000c4300000)
 Metaspace       used 40428K, committed 41536K, reserved 1114112K
  class space    used 4238K, committed 4736K, reserved 1048576K
}
Event: 22.670 GC heap after
{Heap after GC invocations=17 (full 2):
 PSYoungGen      total 24064K, used 2029K [0x00000000eab00000, 0x00000000ec680000, 0x0000000100000000)
  eden space 22016K, 0% used [0x00000000eab00000,0x00000000eab00000,0x00000000ec080000)
  from space 2048K, 99% used [0x00000000ec200000,0x00000000ec3fb5f8,0x00000000ec400000)
  to   space 2560K, 0% used [0x00000000ec400000,0x00000000ec400000,0x00000000ec680000)
 ParOldGen       total 68608K, used 19348K [0x00000000c0000000, 0x00000000c4300000, 0x00000000eab00000)
  object space 68608K, 28% used [0x00000000c0000000,0x00000000c12e5028,0x00000000c4300000)
 Metaspace       used 40428K, committed 41536K, reserved 1114112K
  class space    used 4238K, committed 4736K, reserved 1048576K
}
Event: 23.220 GC heap before
{Heap before GC invocations=18 (full 2):
 PSYoungGen      total 24064K, used 24045K [0x00000000eab00000, 0x00000000ec680000, 0x0000000100000000)
  eden space 22016K, 100% used [0x00000000eab00000,0x00000000ec080000,0x00000000ec080000)
  from space 2048K, 99% used [0x00000000ec200000,0x00000000ec3fb5f8,0x00000000ec400000)
  to   space 2560K, 0% used [0x00000000ec400000,0x00000000ec400000,0x00000000ec680000)
 ParOldGen       total 68608K, used 19348K [0x00000000c0000000, 0x00000000c4300000, 0x00000000eab00000)
  object space 68608K, 28% used [0x00000000c0000000,0x00000000c12e5028,0x00000000c4300000)
 Metaspace       used 43213K, committed 44352K, reserved 1114112K
  class space    used 4581K, committed 5120K, reserved 1048576K
}
Event: 23.224 GC heap after
{Heap after GC invocations=18 (full 2):
 PSYoungGen      total 23552K, used 1307K [0x00000000eab00000, 0x00000000ec580000, 0x0000000100000000)
  eden space 22016K, 0% used [0x00000000eab00000,0x00000000eab00000,0x00000000ec080000)
  from space 1536K, 85% used [0x00000000ec400000,0x00000000ec546fc8,0x00000000ec580000)
  to   space 2048K, 0% used [0x00000000ec180000,0x00000000ec180000,0x00000000ec380000)
 ParOldGen       total 68608K, used 21286K [0x00000000c0000000, 0x00000000c4300000, 0x00000000eab00000)
  object space 68608K, 31% used [0x00000000c0000000,0x00000000c14c9900,0x00000000c4300000)
 Metaspace       used 43213K, committed 44352K, reserved 1114112K
  class space    used 4581K, committed 5120K, reserved 1048576K
}
Event: 26.213 GC heap before
{Heap before GC invocations=19 (full 2):
 PSYoungGen      total 23552K, used 23323K [0x00000000eab00000, 0x00000000ec580000, 0x0000000100000000)
  eden space 22016K, 100% used [0x00000000eab00000,0x00000000ec080000,0x00000000ec080000)
  from space 1536K, 85% used [0x00000000ec400000,0x00000000ec546fc8,0x00000000ec580000)
  to   space 2048K, 0% used [0x00000000ec180000,0x00000000ec180000,0x00000000ec380000)
 ParOldGen       total 68608K, used 21286K [0x00000000c0000000, 0x00000000c4300000, 0x00000000eab00000)
  object space 68608K, 31% used [0x00000000c0000000,0x00000000c14c9900,0x00000000c4300000)
 Metaspace       used 45060K, committed 46336K, reserved 1114112K
  class space    used 4792K, committed 5376K, reserved 1048576K
}
Event: 26.215 GC heap after
{Heap after GC invocations=19 (full 2):
 PSYoungGen      total 24064K, used 2048K [0x00000000eab00000, 0x00000000ec580000, 0x0000000100000000)
  eden space 22016K, 0% used [0x00000000eab00000,0x00000000eab00000,0x00000000ec080000)
  from space 2048K, 100% used [0x00000000ec180000,0x00000000ec380000,0x00000000ec380000)
  to   space 2048K, 0% used [0x00000000ec380000,0x00000000ec380000,0x00000000ec580000)
 ParOldGen       total 68608K, used 22118K [0x00000000c0000000, 0x00000000c4300000, 0x00000000eab00000)
  object space 68608K, 32% used [0x00000000c0000000,0x00000000c1599b20,0x00000000c4300000)
 Metaspace       used 45060K, committed 46336K, reserved 1114112K
  class space    used 4792K, committed 5376K, reserved 1048576K
}
Event: 27.080 GC heap before
{Heap before GC invocations=20 (full 2):
 PSYoungGen      total 24064K, used 23777K [0x00000000eab00000, 0x00000000ec580000, 0x0000000100000000)
  eden space 22016K, 98% used [0x00000000eab00000,0x00000000ec038458,0x00000000ec080000)
  from space 2048K, 100% used [0x00000000ec180000,0x00000000ec380000,0x00000000ec380000)
  to   space 2048K, 0% used [0x00000000ec380000,0x00000000ec380000,0x00000000ec580000)
 ParOldGen       total 68608K, used 22118K [0x00000000c0000000, 0x00000000c4300000, 0x00000000eab00000)
  object space 68608K, 32% used [0x00000000c0000000,0x00000000c1599b20,0x00000000c4300000)
 Metaspace       used 46079K, committed 47296K, reserved 1114112K
  class space    used 4868K, committed 5440K, reserved 1048576K
}
Event: 27.084 GC heap after
{Heap after GC invocations=20 (full 2):
 PSYoungGen      total 23552K, used 1222K [0x00000000eab00000, 0x00000000ec500000, 0x0000000100000000)
  eden space 22016K, 0% used [0x00000000eab00000,0x00000000eab00000,0x00000000ec080000)
  from space 1536K, 79% used [0x00000000ec380000,0x00000000ec4b1a30,0x00000000ec500000)
  to   space 1536K, 0% used [0x00000000ec200000,0x00000000ec200000,0x00000000ec380000)
 ParOldGen       total 68608K, used 24032K [0x00000000c0000000, 0x00000000c4300000, 0x00000000eab00000)
  object space 68608K, 35% used [0x00000000c0000000,0x00000000c17780b0,0x00000000c4300000)
 Metaspace       used 46079K, committed 47296K, reserved 1114112K
  class space    used 4868K, committed 5440K, reserved 1048576K
}
Event: 28.452 GC heap before
{Heap before GC invocations=21 (full 2):
 PSYoungGen      total 23552K, used 23238K [0x00000000eab00000, 0x00000000ec500000, 0x0000000100000000)
  eden space 22016K, 100% used [0x00000000eab00000,0x00000000ec080000,0x00000000ec080000)
  from space 1536K, 79% used [0x00000000ec380000,0x00000000ec4b1a30,0x00000000ec500000)
  to   space 1536K, 0% used [0x00000000ec200000,0x00000000ec200000,0x00000000ec380000)
 ParOldGen       total 68608K, used 24032K [0x00000000c0000000, 0x00000000c4300000, 0x00000000eab00000)
  object space 68608K, 35% used [0x00000000c0000000,0x00000000c17780b0,0x00000000c4300000)
 Metaspace       used 47142K, committed 48384K, reserved 1114112K
  class space    used 4963K, committed 5568K, reserved 1048576K
}
Event: 28.456 GC heap after
{Heap after GC invocations=21 (full 2):
 PSYoungGen      total 23552K, used 1506K [0x00000000eab00000, 0x00000000ece80000, 0x0000000100000000)
  eden space 22016K, 0% used [0x00000000eab00000,0x00000000eab00000,0x00000000ec080000)
  from space 1536K, 98% used [0x00000000ec200000,0x00000000ec378a48,0x00000000ec380000)
  to   space 7168K, 0% used [0x00000000ec780000,0x00000000ec780000,0x00000000ece80000)
 ParOldGen       total 68608K, used 28428K [0x00000000c0000000, 0x00000000c4300000, 0x00000000eab00000)
  object space 68608K, 41% used [0x00000000c0000000,0x00000000c1bc3240,0x00000000c4300000)
 Metaspace       used 47142K, committed 48384K, reserved 1114112K
  class space    used 4963K, committed 5568K, reserved 1048576K
}

Dll operation events (10 events):
Event: 0.055 Loaded shared library c:\Users\cuent\.vscode\extensions\redhat.java-1.42.0-win32-x64\jre\21.0.7-win32-x86_64\bin\java.dll
Event: 0.477 Loaded shared library c:\Users\cuent\.vscode\extensions\redhat.java-1.42.0-win32-x64\jre\21.0.7-win32-x86_64\bin\zip.dll
Event: 0.527 Loaded shared library C:\Users\cuent\.vscode\extensions\redhat.java-1.42.0-win32-x64\jre\21.0.7-win32-x86_64\bin\instrument.dll
Event: 0.534 Loaded shared library C:\Users\cuent\.vscode\extensions\redhat.java-1.42.0-win32-x64\jre\21.0.7-win32-x86_64\bin\net.dll
Event: 0.539 Loaded shared library C:\Users\cuent\.vscode\extensions\redhat.java-1.42.0-win32-x64\jre\21.0.7-win32-x86_64\bin\nio.dll
Event: 0.544 Loaded shared library C:\Users\cuent\.vscode\extensions\redhat.java-1.42.0-win32-x64\jre\21.0.7-win32-x86_64\bin\zip.dll
Event: 0.618 Loaded shared library C:\Users\cuent\.vscode\extensions\redhat.java-1.42.0-win32-x64\jre\21.0.7-win32-x86_64\bin\jimage.dll
Event: 0.774 Loaded shared library c:\Users\cuent\.vscode\extensions\redhat.java-1.42.0-win32-x64\jre\21.0.7-win32-x86_64\bin\verify.dll
Event: 4.449 Loaded shared library C:\Users\cuent\AppData\Roaming\Code\User\globalStorage\redhat.java\1.42.0\config_win\org.eclipse.equinox.launcher\org.eclipse.equinox.launcher.win32.win32.x86_64_1.2.1300.v20250331-1702\eclipse_11911.dll
Event: 15.833 Loaded shared library C:\Users\cuent\AppData\Local\Temp\jna-95014713\jna7720372399814855739.dll

Deoptimization events (20 events):
Event: 28.704 Thread 0x000001276424dd60 Uncommon trap: trap_request=0xffffff45 fr.pc=0x00000127135bdc04 relative=0x0000000000000164
Event: 28.704 Thread 0x000001276424dd60 Uncommon trap: reason=unstable_if action=reinterpret pc=0x00000127135bdc04 method=org.eclipse.jdt.internal.core.search.indexing.BinaryIndexer.replace(CC[C)[C @ 1 c2
Event: 28.704 Thread 0x000001276424dd60 DEOPT PACKING pc=0x00000127135bdc04 sp=0x0000000197bfea20
Event: 28.704 Thread 0x000001276424dd60 DEOPT UNPACKING pc=0x0000012712db3aa2 sp=0x0000000197bfe990 mode 2
Event: 28.722 Thread 0x000001276424dd60 DEOPT PACKING pc=0x000001270c4b19e8 sp=0x0000000197bfea80
Event: 28.722 Thread 0x000001276424dd60 DEOPT UNPACKING pc=0x0000012712db4242 sp=0x0000000197bfdf90 mode 0
Event: 28.739 Thread 0x000001276424dd60 DEOPT PACKING pc=0x000001270c376d3b sp=0x0000000197bfe530
Event: 28.739 Thread 0x000001276424dd60 DEOPT UNPACKING pc=0x0000012712db4242 sp=0x0000000197bfda68 mode 0
Event: 28.844 Thread 0x000001276424dd60 DEOPT PACKING pc=0x000001270c4e7fa8 sp=0x0000000197bfe8d0
Event: 28.844 Thread 0x000001276424dd60 DEOPT UNPACKING pc=0x0000012712db4242 sp=0x0000000197bfde38 mode 0
Event: 28.851 Thread 0x000001276424dd60 DEOPT PACKING pc=0x000001270c376d3b sp=0x0000000197bfe530
Event: 28.851 Thread 0x000001276424dd60 DEOPT UNPACKING pc=0x0000012712db4242 sp=0x0000000197bfda68 mode 0
Event: 29.033 Thread 0x000001276424dd60 Uncommon trap: trap_request=0xffffff6e fr.pc=0x00000127135e87f4 relative=0x00000000000003b4
Event: 29.033 Thread 0x000001276424dd60 Uncommon trap: reason=loop_limit_check action=maybe_recompile pc=0x00000127135e87f4 method=org.eclipse.jdt.core.compiler.CharOperation.concatWithAll([[CC)[C @ 99 c2
Event: 29.033 Thread 0x000001276424dd60 DEOPT PACKING pc=0x00000127135e87f4 sp=0x0000000197bfe7d0
Event: 29.033 Thread 0x000001276424dd60 DEOPT UNPACKING pc=0x0000012712db3aa2 sp=0x0000000197bfe780 mode 2
Event: 29.034 Thread 0x000001276424dd60 DEOPT PACKING pc=0x000001270c376d3b sp=0x0000000197bfe530
Event: 29.034 Thread 0x000001276424dd60 DEOPT UNPACKING pc=0x0000012712db4242 sp=0x0000000197bfda68 mode 0
Event: 29.315 Thread 0x000001276424dd60 DEOPT PACKING pc=0x000001270c4e7e03 sp=0x0000000197bfe8d0
Event: 30.301 Thread 0x000001276424dd60 DEOPT UNPACKING pc=0x0000012712db4242 sp=0x0000000197bfde38 mode 0

Classes loaded (20 events):
Event: 26.642 Loading class java/util/RegularEnumSet$EnumSetIterator
Event: 26.643 Loading class java/util/RegularEnumSet$EnumSetIterator done
Event: 26.698 Loading class java/nio/ByteBufferAsIntBufferL
Event: 26.699 Loading class java/nio/ByteBufferAsIntBufferL done
Event: 26.734 Loading class jdk/internal/jimage/ImageReader$Directory
Event: 26.734 Loading class jdk/internal/jimage/ImageReader$Directory done
Event: 26.943 Loading class java/nio/file/FileTreeWalker$DirectoryNode
Event: 26.943 Loading class java/nio/file/FileTreeWalker$DirectoryNode done
Event: 26.943 Loading class java/nio/file/FileTreeWalker$Event
Event: 26.944 Loading class java/nio/file/FileTreeWalker$Event done
Event: 26.944 Loading class java/nio/file/FileTreeWalker$EventType
Event: 26.944 Loading class java/nio/file/FileTreeWalker$EventType done
Event: 26.944 Loading class java/nio/file/Files$3
Event: 26.944 Loading class java/nio/file/Files$3 done
Event: 26.944 Loading class java/nio/file/FileVisitResult
Event: 26.945 Loading class java/nio/file/FileVisitResult done
Event: 27.517 Loading class java/nio/channels/Channels$ReadableByteChannelImpl
Event: 27.518 Loading class java/nio/channels/Channels$ReadableByteChannelImpl done
Event: 27.520 Loading class java/nio/channels/NonWritableChannelException
Event: 27.520 Loading class java/nio/channels/NonWritableChannelException done

Classes unloaded (7 events):
Event: 17.221 Thread 0x000001271c9f3120 Unloading class 0x000001271e1a4c00 'java/lang/invoke/LambdaForm$MH+0x000001271e1a4c00'
Event: 17.221 Thread 0x000001271c9f3120 Unloading class 0x000001271e1a4800 'java/lang/invoke/LambdaForm$MH+0x000001271e1a4800'
Event: 17.221 Thread 0x000001271c9f3120 Unloading class 0x000001271e1a4400 'java/lang/invoke/LambdaForm$MH+0x000001271e1a4400'
Event: 17.221 Thread 0x000001271c9f3120 Unloading class 0x000001271e1a4000 'java/lang/invoke/LambdaForm$MH+0x000001271e1a4000'
Event: 17.221 Thread 0x000001271c9f3120 Unloading class 0x000001271e1a3c00 'java/lang/invoke/LambdaForm$BMH+0x000001271e1a3c00'
Event: 17.221 Thread 0x000001271c9f3120 Unloading class 0x000001271e1a3800 'java/lang/invoke/LambdaForm$DMH+0x000001271e1a3800'
Event: 17.221 Thread 0x000001271c9f3120 Unloading class 0x000001271e1a2400 'java/lang/invoke/LambdaForm$DMH+0x000001271e1a2400'

Classes redefined (0 events):
No events

Internal exceptions (20 events):
Event: 22.811 Thread 0x000001276424e3f0 Exception <a 'java/lang/NoClassDefFoundError'{0x00000000eb262be0}: com/google/inject/servlet/ServletModuleTargetVisitor> (0x00000000eb262be0) 
thrown [s\src\hotspot\share\classfile\systemDictionary.cpp, line 301]
Event: 22.855 Thread 0x000001276424e3f0 Exception <a 'java/lang/NoSuchMethodError'{0x00000000eb47d0f0}: 'java.lang.Object java.lang.invoke.DirectMethodHandle$Holder.invokeStatic(java.lang.Object, int, java.lang.Object, java.lang.Object)'> (0x00000000eb47d0f0) 
thrown [s\src\hotspot\share\interpreter\linkResolver.cpp, line 773]
Event: 22.855 Thread 0x000001276424e3f0 Exception <a 'java/lang/NoSuchMethodError'{0x00000000eb4808f0}: 'java.lang.Object java.lang.invoke.DelegatingMethodHandle$Holder.delegate(java.lang.Object, int, java.lang.Object, java.lang.Object)'> (0x00000000eb4808f0) 
thrown [s\src\hotspot\share\interpreter\linkResolver.cpp, line 773]
Event: 22.858 Thread 0x000001276424e3f0 Exception <a 'java/lang/NoSuchMethodError'{0x00000000eb493fd0}: 'int java.lang.invoke.Invokers$Holder.linkToTargetMethod(java.lang.Object, java.lang.Object, java.lang.Object)'> (0x00000000eb493fd0) 
thrown [s\src\hotspot\share\interpreter\linkResolver.cpp, line 773]
Event: 24.513 Thread 0x000001270864e630 Exception <a 'java/lang/NoSuchMethodError'{0x00000000eb27de50}: 'void java.lang.invoke.DirectMethodHandle$Holder.invokeSpecial(java.lang.Object, java.lang.Object, java.lang.Object, java.lang.Object, java.lang.Object, java.lang.Object)'> (0x00000000eb27de50) 
thrown [s\src\hotspot\share\interpreter\linkResolver.cpp, line 773]
Event: 24.514 Thread 0x000001270864e630 Exception <a 'java/lang/IncompatibleClassChangeError'{0x00000000eb2859a8}: Found class java.lang.Object, but interface was expected> (0x00000000eb2859a8) 
thrown [s\src\hotspot\share\interpreter\linkResolver.cpp, line 840]
Event: 24.514 Thread 0x000001270864e630 Exception <a 'java/lang/IncompatibleClassChangeError'{0x00000000eb287748}: Found class java.lang.Object, but interface was expected> (0x00000000eb287748) 
thrown [s\src\hotspot\share\interpreter\linkResolver.cpp, line 840]
Event: 25.464 Thread 0x000001270864e630 Implicit null exception at 0x00000127133d22c0 to 0x00000127133d22f8
Event: 25.825 Thread 0x000001276424d040 Exception <a 'java/io/FileNotFoundException'{0x00000000ebf44420}> (0x00000000ebf44420) 
thrown [s\src\hotspot\share\prims\jni.cpp, line 520]
Event: 25.827 Thread 0x000001276424b600 Exception <a 'sun/nio/fs/WindowsException'{0x00000000ebf5b980}> (0x00000000ebf5b980) 
thrown [s\src\hotspot\share\prims\jni.cpp, line 520]
Event: 25.827 Thread 0x000001276424b600 Exception <a 'sun/nio/fs/WindowsException'{0x00000000ebf5c340}> (0x00000000ebf5c340) 
thrown [s\src\hotspot\share\prims\jni.cpp, line 520]
Event: 26.297 Thread 0x000001276424d040 Exception <a 'sun/nio/fs/WindowsException'{0x00000000eabf6440}> (0x00000000eabf6440) 
thrown [s\src\hotspot\share\prims\jni.cpp, line 520]
Event: 26.581 Thread 0x000001276424dd60 Implicit null exception at 0x0000012713568fb1 to 0x00000127135692b8
Event: 26.582 Thread 0x000001276424dd60 Exception <a 'java/lang/NoSuchMethodError'{0x00000000eb28ad20}: 'java.lang.Object java.lang.invoke.DelegatingMethodHandle$Holder.reinvoke_L(java.lang.Object, int, long, java.lang.Object, java.lang.Object, int, java.lang.Object)'> (0x00000000eb28ad20) 
thrown [s\src\hotspot\share\interpreter\linkResolver.cpp, line 773]
Event: 27.546 Thread 0x000001276424dd60 Exception <a 'java/io/FileNotFoundException'{0x00000000eaddf710}> (0x00000000eaddf710) 
thrown [s\src\hotspot\share\prims\jni.cpp, line 520]
Event: 27.547 Thread 0x000001276424dd60 Exception <a 'java/io/FileNotFoundException'{0x00000000eade09c0}> (0x00000000eade09c0) 
thrown [s\src\hotspot\share\prims\jni.cpp, line 520]
Event: 27.550 Thread 0x000001276424dd60 Exception <a 'java/lang/NoSuchMethodError'{0x00000000eadeec08}: 'java.lang.Object java.lang.invoke.DirectMethodHandle$Holder.newInvokeSpecial(java.lang.Object, java.lang.Object, java.lang.Object, int)'> (0x00000000eadeec08) 
thrown [s\src\hotspot\share\interpreter\linkResolver.cpp, line 773]
Event: 27.550 Thread 0x000001276424dd60 Exception <a 'java/lang/NoSuchMethodError'{0x00000000eadf28c0}: 'java.lang.Object java.lang.invoke.DirectMethodHandle$Holder.invokeSpecial(java.lang.Object, java.lang.Object, java.lang.Object, java.lang.Object, int)'> (0x00000000eadf28c0) 
thrown [s\src\hotspot\share\interpreter\linkResolver.cpp, line 773]
Event: 27.551 Thread 0x000001276424dd60 Exception <a 'java/lang/NoSuchMethodError'{0x00000000eadf5d68}: 'java.lang.Object java.lang.invoke.Invokers$Holder.linkToTargetMethod(java.lang.Object, java.lang.Object, int, java.lang.Object)'> (0x00000000eadf5d68) 
thrown [s\src\hotspot\share\interpreter\linkResolver.cpp, line 773]
Event: 28.704 Thread 0x000001276424dd60 Implicit null exception at 0x00000127135bdae0 to 0x00000127135bdbf4

ZGC Phase Switch (0 events):
No events

VM Operations (20 events):
Event: 24.231 Executing VM operation: Cleanup
Event: 24.231 Executing VM operation: Cleanup done
Event: 25.233 Executing VM operation: Cleanup
Event: 25.233 Executing VM operation: Cleanup done
Event: 26.213 Executing VM operation: ParallelGCFailedAllocation (Allocation Failure)
Event: 26.216 Executing VM operation: ParallelGCFailedAllocation (Allocation Failure) done
Event: 26.532 Executing VM operation: HandshakeAllThreads (Deoptimize)
Event: 26.532 Executing VM operation: HandshakeAllThreads (Deoptimize) done
Event: 26.700 Executing VM operation: HandshakeAllThreads (Deoptimize)
Event: 26.700 Executing VM operation: HandshakeAllThreads (Deoptimize) done
Event: 26.942 Executing VM operation: HandshakeAllThreads (Deoptimize)
Event: 26.942 Executing VM operation: HandshakeAllThreads (Deoptimize) done
Event: 27.080 Executing VM operation: ParallelGCFailedAllocation (Allocation Failure)
Event: 27.084 Executing VM operation: ParallelGCFailedAllocation (Allocation Failure) done
Event: 28.452 Executing VM operation: ParallelGCFailedAllocation (Allocation Failure)
Event: 28.456 Executing VM operation: ParallelGCFailedAllocation (Allocation Failure) done
Event: 28.517 Executing VM operation: HandshakeAllThreads (Deoptimize)
Event: 28.517 Executing VM operation: HandshakeAllThreads (Deoptimize) done
Event: 29.524 Executing VM operation: Cleanup
Event: 30.317 Executing VM operation: Cleanup done

Memory protections (0 events):
No events

Nmethod flushes (20 events):
Event: 21.783 Thread 0x000001271c9f3120 flushing  nmethod 0x000001270bf0f010
Event: 21.783 Thread 0x000001271c9f3120 flushing  nmethod 0x000001270bf0f410
Event: 21.783 Thread 0x000001271c9f3120 flushing  nmethod 0x000001270bf0fd10
Event: 21.783 Thread 0x000001271c9f3120 flushing  nmethod 0x000001270bf10f10
Event: 21.783 Thread 0x000001271c9f3120 flushing  nmethod 0x000001270bf11710
Event: 21.783 Thread 0x000001271c9f3120 flushing  nmethod 0x000001270bf11e90
Event: 21.783 Thread 0x000001271c9f3120 flushing  nmethod 0x000001270bf12810
Event: 21.783 Thread 0x000001271c9f3120 flushing  nmethod 0x000001270bf13110
Event: 21.783 Thread 0x000001271c9f3120 flushing  nmethod 0x000001270bf14210
Event: 21.783 Thread 0x000001271c9f3120 flushing  nmethod 0x000001270bf15310
Event: 21.783 Thread 0x000001271c9f3120 flushing  nmethod 0x000001270bf15f90
Event: 21.783 Thread 0x000001271c9f3120 flushing  nmethod 0x000001270bf21890
Event: 21.783 Thread 0x000001271c9f3120 flushing  nmethod 0x000001270bf48010
Event: 21.783 Thread 0x000001271c9f3120 flushing  nmethod 0x000001270bf4c190
Event: 21.783 Thread 0x000001271c9f3120 flushing  nmethod 0x000001270bf4e410
Event: 21.783 Thread 0x000001271c9f3120 flushing  nmethod 0x000001270bf56010
Event: 21.783 Thread 0x000001271c9f3120 flushing  nmethod 0x000001270bfb4010
Event: 21.783 Thread 0x000001271c9f3120 flushing  nmethod 0x000001270bfddb10
Event: 21.783 Thread 0x000001271c9f3120 flushing  nmethod 0x000001270bff9910
Event: 21.783 Thread 0x000001271c9f3120 flushing  nmethod 0x000001270bff9d90

Events (20 events):
Event: 16.717 Thread 0x000001276424e3f0 Thread added: 0x000001276424b600
Event: 21.640 Thread 0x00000127646c81f0 Thread added: 0x000001276424dd60
Event: 21.640 Thread 0x000001276424c9b0 Thread added: 0x000001276424c320
Event: 22.193 Thread 0x000001276424c320 Thread added: 0x000001276424d040
Event: 22.395 Thread 0x000001276424af70 Thread exited: 0x000001276424af70
Event: 22.604 Thread 0x000001276424c320 Thread added: 0x000001276424af70
Event: 22.646 Thread 0x000001276424af70 Thread added: 0x0000012765950470
Event: 22.723 Thread 0x000001270864e630 Thread added: 0x0000012765952bd0
Event: 22.724 Thread 0x000001270864e630 Thread added: 0x0000012765951eb0
Event: 22.724 Thread 0x000001270864e630 Thread added: 0x0000012765950b00
Event: 22.724 Thread 0x000001270864e630 Thread added: 0x0000012765952540
Event: 22.724 Thread 0x000001270864e630 Thread added: 0x0000012765951190
Event: 22.725 Thread 0x000001270864e630 Thread added: 0x0000012765951820
Event: 22.725 Thread 0x000001270864e630 Thread added: 0x0000012765953260
Event: 22.725 Thread 0x000001270864e630 Thread added: 0x000001276594fde0
Event: 22.725 Thread 0x000001270864e630 Thread added: 0x0000012766b09d70
Event: 22.757 Thread 0x000001270864e630 Thread added: 0x0000012766b096e0
Event: 24.637 Thread 0x000001270864e630 Thread added: 0x0000012766b09050
Event: 24.637 Thread 0x000001270864e630 Thread added: 0x0000012766b0a400
Event: 30.317 Thread 0x000001271ca11f90 Thread added: 0x0000012765f213e0


Dynamic libraries:
0x00007ff6fc710000 - 0x00007ff6fc71e000 	c:\Users\cuent\.vscode\extensions\redhat.java-1.42.0-win32-x64\jre\21.0.7-win32-x86_64\bin\java.exe
0x00007ff9a2e60000 - 0x00007ff9a30c6000 	C:\WINDOWS\SYSTEM32\ntdll.dll
0x00007ff9a2d50000 - 0x00007ff9a2e19000 	C:\WINDOWS\System32\KERNEL32.DLL
0x00007ff9a05a0000 - 0x00007ff9a096c000 	C:\WINDOWS\System32\KERNELBASE.dll
0x00007ff99d0c0000 - 0x00007ff99d15e000 	C:\WINDOWS\SYSTEM32\apphelp.dll
0x00007ff99fff0000 - 0x00007ff9a013b000 	C:\WINDOWS\System32\ucrtbase.dll
0x00007ff99cd60000 - 0x00007ff99cd78000 	c:\Users\cuent\.vscode\extensions\redhat.java-1.42.0-win32-x64\jre\21.0.7-win32-x86_64\bin\jli.dll
0x00007ff99cda0000 - 0x00007ff99cdbe000 	c:\Users\cuent\.vscode\extensions\redhat.java-1.42.0-win32-x64\jre\21.0.7-win32-x86_64\bin\VCRUNTIME140.dll
0x00007ff9a0d60000 - 0x00007ff9a0f2a000 	C:\WINDOWS\System32\USER32.dll
0x00007ff9a0430000 - 0x00007ff9a0457000 	C:\WINDOWS\System32\win32u.dll
0x00007ff9a2120000 - 0x00007ff9a214b000 	C:\WINDOWS\System32\GDI32.dll
0x00007ff98db30000 - 0x00007ff98ddca000 	C:\WINDOWS\WinSxS\amd64_microsoft.windows.common-controls_6595b64144ccf1df_6.0.26100.3912_none_3e07963ce335137e\COMCTL32.dll
0x00007ff9a0460000 - 0x00007ff9a0592000 	C:\WINDOWS\System32\gdi32full.dll
0x00007ff9a2570000 - 0x00007ff9a2619000 	C:\WINDOWS\System32\msvcrt.dll
0x00007ff9a0380000 - 0x00007ff9a0423000 	C:\WINDOWS\System32\msvcp_win.dll
0x00007ff9a0d20000 - 0x00007ff9a0d50000 	C:\WINDOWS\System32\IMM32.DLL
0x00007ff99d040000 - 0x00007ff99d04c000 	c:\Users\cuent\.vscode\extensions\redhat.java-1.42.0-win32-x64\jre\21.0.7-win32-x86_64\bin\vcruntime140_1.dll
0x00007ff9823e0000 - 0x00007ff98246d000 	c:\Users\cuent\.vscode\extensions\redhat.java-1.42.0-win32-x64\jre\21.0.7-win32-x86_64\bin\msvcp140.dll
0x00007ff9436c0000 - 0x00007ff944450000 	c:\Users\cuent\.vscode\extensions\redhat.java-1.42.0-win32-x64\jre\21.0.7-win32-x86_64\bin\server\jvm.dll
0x00007ff9a11a0000 - 0x00007ff9a1252000 	C:\WINDOWS\System32\ADVAPI32.dll
0x00007ff9a1cb0000 - 0x00007ff9a1d56000 	C:\WINDOWS\System32\sechost.dll
0x00007ff9a1810000 - 0x00007ff9a1926000 	C:\WINDOWS\System32\RPCRT4.dll
0x00007ff9a1280000 - 0x00007ff9a12f4000 	C:\WINDOWS\System32\WS2_32.dll
0x00007ff99fe60000 - 0x00007ff99febe000 	C:\WINDOWS\SYSTEM32\POWRPROF.dll
0x00007ff97f240000 - 0x00007ff97f276000 	C:\WINDOWS\SYSTEM32\WINMM.dll
0x00007ff998070000 - 0x00007ff99807b000 	C:\WINDOWS\SYSTEM32\VERSION.dll
0x00007ff99fe40000 - 0x00007ff99fe54000 	C:\WINDOWS\SYSTEM32\UMPDC.dll
0x00007ff99edb0000 - 0x00007ff99edca000 	C:\WINDOWS\SYSTEM32\kernel.appcore.dll
0x00007ff99ce50000 - 0x00007ff99ce5a000 	c:\Users\cuent\.vscode\extensions\redhat.java-1.42.0-win32-x64\jre\21.0.7-win32-x86_64\bin\jimage.dll
0x00007ff98e3d0000 - 0x00007ff98e611000 	C:\WINDOWS\SYSTEM32\DBGHELP.DLL
0x00007ff9a21b0000 - 0x00007ff9a2534000 	C:\WINDOWS\System32\combase.dll
0x00007ff9a2030000 - 0x00007ff9a2110000 	C:\WINDOWS\System32\OLEAUT32.dll
0x00007ff98a890000 - 0x00007ff98a8c9000 	C:\WINDOWS\SYSTEM32\dbgcore.DLL
0x00007ff9a0a00000 - 0x00007ff9a0a99000 	C:\WINDOWS\System32\bcryptPrimitives.dll
0x00007ff99ce30000 - 0x00007ff99ce3f000 	c:\Users\cuent\.vscode\extensions\redhat.java-1.42.0-win32-x64\jre\21.0.7-win32-x86_64\bin\instrument.dll
0x00007ff99a740000 - 0x00007ff99a75f000 	c:\Users\cuent\.vscode\extensions\redhat.java-1.42.0-win32-x64\jre\21.0.7-win32-x86_64\bin\java.dll
0x00007ff9a2620000 - 0x00007ff9a2d4d000 	C:\WINDOWS\System32\SHELL32.dll
0x00007ff9a0aa0000 - 0x00007ff9a0c14000 	C:\WINDOWS\System32\wintypes.dll
0x00007ff99dca0000 - 0x00007ff99e4f6000 	C:\WINDOWS\SYSTEM32\windows.storage.dll
0x00007ff9a1d60000 - 0x00007ff9a1e4f000 	C:\WINDOWS\System32\SHCORE.dll
0x00007ff9a1bf0000 - 0x00007ff9a1c59000 	C:\WINDOWS\System32\shlwapi.dll
0x00007ff99fed0000 - 0x00007ff99feff000 	C:\WINDOWS\SYSTEM32\profapi.dll
0x00007ff9944d0000 - 0x00007ff9944e8000 	c:\Users\cuent\.vscode\extensions\redhat.java-1.42.0-win32-x64\jre\21.0.7-win32-x86_64\bin\zip.dll
0x00007ff99cc90000 - 0x00007ff99cca0000 	C:\Users\cuent\.vscode\extensions\redhat.java-1.42.0-win32-x64\jre\21.0.7-win32-x86_64\bin\net.dll
0x00007ff997e80000 - 0x00007ff997f9e000 	C:\WINDOWS\SYSTEM32\WINHTTP.dll
0x00007ff99f320000 - 0x00007ff99f38a000 	C:\WINDOWS\system32\mswsock.dll
0x00007ff994490000 - 0x00007ff9944a6000 	C:\Users\cuent\.vscode\extensions\redhat.java-1.42.0-win32-x64\jre\21.0.7-win32-x86_64\bin\nio.dll
0x00007ff99cc30000 - 0x00007ff99cc40000 	c:\Users\cuent\.vscode\extensions\redhat.java-1.42.0-win32-x64\jre\21.0.7-win32-x86_64\bin\verify.dll
0x00007ff99c7d0000 - 0x00007ff99c815000 	C:\Users\cuent\AppData\Roaming\Code\User\globalStorage\redhat.java\1.42.0\config_win\org.eclipse.equinox.launcher\org.eclipse.equinox.launcher.win32.win32.x86_64_1.2.1300.v20250331-1702\eclipse_11911.dll
0x00007ff9a1e60000 - 0x00007ff9a1fff000 	C:\WINDOWS\System32\ole32.dll
0x00007ff99f5c0000 - 0x00007ff99f5dc000 	C:\WINDOWS\SYSTEM32\CRYPTSP.dll
0x00007ff99ed10000 - 0x00007ff99ed4a000 	C:\WINDOWS\system32\rsaenh.dll
0x00007ff99f3c0000 - 0x00007ff99f3eb000 	C:\WINDOWS\SYSTEM32\USERENV.dll
0x00007ff99ff10000 - 0x00007ff99ff36000 	C:\WINDOWS\SYSTEM32\bcrypt.dll
0x00007ff99f5e0000 - 0x00007ff99f5ec000 	C:\WINDOWS\SYSTEM32\CRYPTBASE.dll
0x00007ff99e7f0000 - 0x00007ff99e823000 	C:\WINDOWS\SYSTEM32\IPHLPAPI.DLL
0x00007ff9a1260000 - 0x00007ff9a126a000 	C:\WINDOWS\System32\NSI.dll
0x00007ff978890000 - 0x00007ff9788d9000 	C:\Users\cuent\AppData\Local\Temp\jna-95014713\jna7720372399814855739.dll
0x00007ff9a19e0000 - 0x00007ff9a19e8000 	C:\WINDOWS\System32\PSAPI.DLL
0x00007ff997d10000 - 0x00007ff997d2f000 	C:\WINDOWS\SYSTEM32\dhcpcsvc6.DLL
0x00007ff997af0000 - 0x00007ff997b15000 	C:\WINDOWS\SYSTEM32\dhcpcsvc.DLL

dbghelp: loaded successfully - version: 4.0.5 - missing functions: none
symbol engine: initialized successfully - sym options: 0x614 - pdb path: .;c:\Users\cuent\.vscode\extensions\redhat.java-1.42.0-win32-x64\jre\21.0.7-win32-x86_64\bin;C:\WINDOWS\SYSTEM32;C:\WINDOWS\WinSxS\amd64_microsoft.windows.common-controls_6595b64144ccf1df_6.0.26100.3912_none_3e07963ce335137e;c:\Users\cuent\.vscode\extensions\redhat.java-1.42.0-win32-x64\jre\21.0.7-win32-x86_64\bin\server;C:\Users\cuent\AppData\Roaming\Code\User\globalStorage\redhat.java\1.42.0\config_win\org.eclipse.equinox.launcher\org.eclipse.equinox.launcher.win32.win32.x86_64_1.2.1300.v20250331-1702;C:\Users\cuent\AppData\Local\Temp\jna-95014713

VM Arguments:
jvm_args: --add-modules=ALL-SYSTEM --add-opens=java.base/java.util=ALL-UNNAMED --add-opens=java.base/java.lang=ALL-UNNAMED --add-opens=java.base/sun.nio.fs=ALL-UNNAMED -Declipse.application=org.eclipse.jdt.ls.core.id1 -Dosgi.bundles.defaultStartLevel=4 -Declipse.product=org.eclipse.jdt.ls.core.product -Djava.import.generatesMetadataFilesAtProjectRoot=false -DDetectVMInstallationsJob.disabled=true -Dfile.encoding=utf8 -XX:+UseParallelGC -XX:GCTimeRatio=4 -XX:AdaptiveSizePolicyWeight=90 -Dsun.zip.disableMemoryMapping=true -Xmx1G -Xms100m -Xlog:disable -javaagent:c:\Users\cuent\.vscode\extensions\redhat.java-1.42.0-win32-x64\lombok\lombok-1.18.36.jar -XX:+HeapDumpOnOutOfMemoryError -XX:HeapDumpPath=c:\Users\cuent\AppData\Roaming\Code\User\workspaceStorage\25456b77a75017d91bdb552ce3648551\redhat.java -Daether.dependencyCollector.impl=bf 
java_command: c:\Users\cuent\.vscode\extensions\redhat.java-1.42.0-win32-x64\server\plugins\org.eclipse.equinox.launcher_1.7.0.v20250424-1814.jar -configuration c:\Users\cuent\AppData\Roaming\Code\User\globalStorage\redhat.java\1.42.0\config_win -data c:\Users\cuent\AppData\Roaming\Code\User\workspaceStorage\25456b77a75017d91bdb552ce3648551\redhat.java\jdt_ws --pipe=\\.\pipe\lsp-fd927b663b098627ef53ac78a3156e3d-sock
java_class_path (initial): c:\Users\cuent\.vscode\extensions\redhat.java-1.42.0-win32-x64\server\plugins\org.eclipse.equinox.launcher_1.7.0.v20250424-1814.jar
Launcher Type: SUN_STANDARD

[Global flags]
    uintx AdaptiveSizePolicyWeight                 = 90                                        {product} {command line}
     intx CICompilerCount                          = 4                                         {product} {ergonomic}
    uintx GCTimeRatio                              = 4                                         {product} {command line}
     bool HeapDumpOnOutOfMemoryError               = true                                   {manageable} {command line}
    ccstr HeapDumpPath                             = c:\Users\cuent\AppData\Roaming\Code\User\workspaceStorage\25456b77a75017d91bdb552ce3648551\redhat.java         {manageable} {command line}
   size_t InitialHeapSize                          = 104857600                                 {product} {command line}
   size_t MaxHeapSize                              = 1073741824                                {product} {command line}
   size_t MaxNewSize                               = 357564416                                 {product} {ergonomic}
   size_t MinHeapDeltaBytes                        = 524288                                    {product} {ergonomic}
   size_t MinHeapSize                              = 104857600                                 {product} {command line}
   size_t NewSize                                  = 34603008                                  {product} {ergonomic}
    uintx NonNMethodCodeHeapSize                   = 5839372                                {pd product} {ergonomic}
    uintx NonProfiledCodeHeapSize                  = 122909434                              {pd product} {ergonomic}
   size_t OldSize                                  = 70254592                                  {product} {ergonomic}
    uintx ProfiledCodeHeapSize                     = 122909434                              {pd product} {ergonomic}
    uintx ReservedCodeCacheSize                    = 251658240                              {pd product} {ergonomic}
     bool SegmentedCodeCache                       = true                                      {product} {ergonomic}
   size_t SoftMaxHeapSize                          = 1073741824                             {manageable} {ergonomic}
     bool UseCompressedOops                        = true                           {product lp64_product} {ergonomic}
     bool UseLargePagesIndividualAllocation        = false                                  {pd product} {ergonomic}
     bool UseParallelGC                            = true                                      {product} {command line}

Logging:
Log output configuration:
 #0: stdout all=off uptime,level,tags foldmultilines=false
 #1: stderr all=off uptime,level,tags foldmultilines=false

Environment Variables:
PATH=C:\Program Files\Eclipse Adoptium\jdk-21.0.6.7-hotspot\bin;C:\Program Files\Common Files\Oracle\Java\javapath;C:\Program Files (x86)\Common Files\Oracle\Java\java8path;C:\Program Files (x86)\Common Files\Oracle\Java\javapath;C:\WINDOWS\system32;C:\WINDOWS;C:\WINDOWS\System32\Wbem;C:\WINDOWS\System32\WindowsPowerShell\v1.0\;C:\WINDOWS\System32\OpenSSH\;C:\Program Files\PuTTY\;C:\Program Files (x86)\Microsoft SQL Server\160\DTS\Binn\;C:\Program Files\dotnet\;C:\Program Files\Git\cmd;C:\Users\cuent\AppData\Local\Programs\Python\Launcher\;C:\Users\cuent\AppData\Local\Microsoft\WindowsApps;C:\Users\cuent\AppData\Local\Programs\Microsoft VS Code\bin;
USERNAME=cuent
OS=Windows_NT
PROCESSOR_IDENTIFIER=Intel64 Family 6 Model 142 Stepping 11, GenuineIntel
TMP=C:\Users\cuent\AppData\Local\Temp
TEMP=C:\Users\cuent\AppData\Local\Temp




Periodic native trim disabled

---------------  S Y S T E M  ---------------

OS:
 Windows 11 , 64 bit Build 26100 (10.0.26100.3912)
OS uptime: 20 days 11:22 hours

CPU: total 8 (initial active 8) (4 cores per cpu, 2 threads per core) family 6 model 142 stepping 11 microcode 0xde, cx8, cmov, fxsr, ht, mmx, 3dnowpref, sse, sse2, sse3, ssse3, sse4.1, sse4.2, popcnt, lzcnt, tsc, tscinvbit, avx, avx2, aes, erms, clmul, bmi1, bmi2, adx, fma, vzeroupper, clflush, clflushopt, rdtscp, f16c
Processor Information for the first 8 processors :
  Max Mhz: 1800, Current Mhz: 1600, Mhz Limit: 1584

Memory: 4k page, system-wide physical 3944M (426M free)
TotalPageFile size 16232M (AvailPageFile size 84M)
current process WorkingSet (physical memory assigned to process): 229M, peak: 230M
current process commit charge ("private bytes"): 320M, peak: 327M

vm_info: OpenJDK 64-Bit Server VM (21.0.7+6-LTS) for windows-amd64 JRE (21.0.7+6-LTS), built on 2025-04-15T00:00:00Z by "admin" with MS VC++ 17.7 (VS2022)

END.
